  [1m[36m (0.7ms)[0m  [1mCREATE TABLE "availability_period_time_slots" ("availability_period_id" integer(4), "time_slot_id" integer(4)) [0m
  [1m[35m (0.6ms)[0m  CREATE TABLE "availability_periods" ("id" INTEGER PRIMARY KEY AUTOINCREMENT NOT NULL, "name" varchar(255), "created_at" datetime NOT NULL, "updated_at" datetime NOT NULL, "start_time" time, "end_time" time) 
  [1m[36m (0.5ms)[0m  [1mCREATE TABLE "availability_periods_day_availabilities" ("day_availability_id" integer(4), "availability_period_id" integer(4)) [0m
  [1m[35m (0.1ms)[0m  select sqlite_version(*)
  [1m[36m (0.6ms)[0m  [1mCREATE UNIQUE INDEX "unique_availability_xref" ON "availability_periods_day_availabilities" ("day_availability_id", "availability_period_id")[0m
  [1m[35m (0.5ms)[0m  CREATE TABLE "availability_schedules" ("id" INTEGER PRIMARY KEY AUTOINCREMENT NOT NULL, "created_at" datetime NOT NULL, "updated_at" datetime NOT NULL) 
  [1m[36m (0.6ms)[0m  [1mCREATE TABLE "bookings" ("id" INTEGER PRIMARY KEY AUTOINCREMENT NOT NULL, "title" varchar(255), "description" text(65535), "location" varchar(255), "online_meeting" boolean(1), "category_id" integer(4), "mentor_id" integer(4), "mentee_id" integer(4), "created_at" datetime NOT NULL, "updated_at" datetime NOT NULL, "is_finalized" boolean(1) DEFAULT 'f') [0m
  [1m[35m (0.5ms)[0m  CREATE TABLE "bookings_tags" ("tag_id" integer(4), "booking_id" integer(4)) 
  [1m[36m (0.5ms)[0m  [1mCREATE  INDEX "index_bookings_tags_on_booking_id" ON "bookings_tags" ("booking_id")[0m
  [1m[35m (0.1ms)[0m              SELECT sql
            FROM sqlite_master
            WHERE name='index_bookings_tags_on_booking_id' AND type='index'
            UNION ALL
            SELECT sql
            FROM sqlite_temp_master
            WHERE name='index_bookings_tags_on_booking_id' AND type='index'

  [1m[36m (0.5ms)[0m  [1mCREATE  INDEX "index_bookings_tags_on_tag_id" ON "bookings_tags" ("tag_id")[0m
  [1m[35m (0.6ms)[0m  CREATE TABLE "categories" ("id" INTEGER PRIMARY KEY AUTOINCREMENT NOT NULL, "name" varchar(255), "created_at" datetime NOT NULL, "updated_at" datetime NOT NULL, "url_slug" varchar(255)) 
  [1m[36m (0.6ms)[0m  [1mCREATE TABLE "day_availabilities" ("id" INTEGER PRIMARY KEY AUTOINCREMENT NOT NULL, "day_number" integer(4), "profile_id" integer(4), "availability_period_id" integer(4), "created_at" datetime NOT NULL, "updated_at" datetime NOT NULL) [0m
  [1m[35m (0.5ms)[0m  CREATE TABLE "day_availabilities_time_slots" ("day_availability_id" integer(4), "time_slot_id" integer(4), "part_id" integer(4)) 
  [1m[36m (0.6ms)[0m  [1mCREATE  INDEX "index_day_availabilities_time_slots_on_day_availability_id" ON "day_availabilities_time_slots" ("day_availability_id")[0m
  [1m[35m (0.1ms)[0m              SELECT sql
            FROM sqlite_master
            WHERE name='index_day_availabilities_time_slots_on_day_availability_id' AND type='index'
            UNION ALL
            SELECT sql
            FROM sqlite_temp_master
            WHERE name='index_day_availabilities_time_slots_on_day_availability_id' AND type='index'

  [1m[36m (0.5ms)[0m  [1mCREATE  INDEX "index_day_availabilities_time_slots_on_part_id" ON "day_availabilities_time_slots" ("part_id")[0m
  [1m[35m (0.1ms)[0m              SELECT sql
            FROM sqlite_master
            WHERE name='index_day_availabilities_time_slots_on_part_id' AND type='index'
            UNION ALL
            SELECT sql
            FROM sqlite_temp_master
            WHERE name='index_day_availabilities_time_slots_on_part_id' AND type='index'

  [1m[36m (0.1ms)[0m  [1m            SELECT sql
            FROM sqlite_master
            WHERE name='index_day_availabilities_time_slots_on_day_availability_id' AND type='index'
            UNION ALL
            SELECT sql
            FROM sqlite_temp_master
            WHERE name='index_day_availabilities_time_slots_on_day_availability_id' AND type='index'
[0m
  [1m[35m (0.6ms)[0m  CREATE  INDEX "index_day_availabilities_time_slots_on_time_slot_id" ON "day_availabilities_time_slots" ("time_slot_id")
  [1m[36m (0.5ms)[0m  [1mCREATE TABLE "photos" ("id" INTEGER PRIMARY KEY AUTOINCREMENT NOT NULL, "photoable_id" integer(4), "photoable_type" varchar(255), "caption" varchar(255), "created_at" datetime NOT NULL, "updated_at" datetime NOT NULL, "image_file_file_name" varchar(255), "image_file_content_type" varchar(255), "image_file_file_size" integer(4), "image_file_updated_at" datetime) [0m
  [1m[35m (0.6ms)[0m  CREATE TABLE "profiles" ("id" INTEGER PRIMARY KEY AUTOINCREMENT NOT NULL, "user_id" integer(4), "one_line_description" varchar(255), "employer" varchar(255), "school" varchar(255), "languages" varchar(255), "created_at" datetime NOT NULL, "updated_at" datetime NOT NULL, "expertise_description" text(65535), "sales_pitch" text(65535)) 
  [1m[36m (0.6ms)[0m  [1mCREATE TABLE "rates" ("id" INTEGER PRIMARY KEY AUTOINCREMENT NOT NULL, "type" varchar(255), "skill_id" integer(4), "amount" decimal(8,2), "created_at" datetime NOT NULL, "updated_at" datetime NOT NULL) [0m
  [1m[35m (0.6ms)[0m  CREATE TABLE "skills" ("id" INTEGER PRIMARY KEY AUTOINCREMENT NOT NULL, "category_id" integer(4), "description" text(65535), "created_at" datetime NOT NULL, "updated_at" datetime NOT NULL, "profile_id" integer(4)) 
  [1m[36m (0.6ms)[0m  [1mCREATE TABLE "skills_tags" ("tag_id" integer(4), "skill_id" integer(4)) [0m
  [1m[35m (0.6ms)[0m  CREATE  INDEX "index_skills_tags_on_skill_id" ON "skills_tags" ("skill_id")
  [1m[36m (0.1ms)[0m  [1m            SELECT sql
            FROM sqlite_master
            WHERE name='index_skills_tags_on_skill_id' AND type='index'
            UNION ALL
            SELECT sql
            FROM sqlite_temp_master
            WHERE name='index_skills_tags_on_skill_id' AND type='index'
[0m
  [1m[35m (0.6ms)[0m  CREATE  INDEX "index_skills_tags_on_tag_id" ON "skills_tags" ("tag_id")
  [1m[36m (0.6ms)[0m  [1mCREATE TABLE "tags" ("id" INTEGER PRIMARY KEY AUTOINCREMENT NOT NULL, "category_id" integer(4), "name" varchar(255), "description" text(65535), "created_at" datetime NOT NULL, "updated_at" datetime NOT NULL) [0m
  [1m[35m (0.6ms)[0m  CREATE TABLE "time_slots" ("id" INTEGER PRIMARY KEY AUTOINCREMENT NOT NULL, "start_time" time, "end_time" time, "created_at" datetime NOT NULL, "updated_at" datetime NOT NULL) 
  [1m[36m (0.6ms)[0m  [1mCREATE TABLE "transactions" ("id" INTEGER PRIMARY KEY AUTOINCREMENT NOT NULL, "user_id" integer(4), "pay_to_mentor_id" integer(4), "title" varchar(255), "amount" decimal(10) DEFAULT 0, "state" varchar(255) DEFAULT 'not paid', "created_at" datetime NOT NULL, "updated_at" datetime NOT NULL) [0m
  [1m[35m (0.6ms)[0m  CREATE  INDEX "index_transactions_on_user_id" ON "transactions" ("user_id")
  [1m[36m (0.7ms)[0m  [1mCREATE TABLE "users" ("id" INTEGER PRIMARY KEY AUTOINCREMENT NOT NULL, "email" varchar(255) DEFAULT '' NOT NULL, "encrypted_password" varchar(255) DEFAULT '' NOT NULL, "reset_password_token" varchar(255), "reset_password_sent_at" datetime, "remember_created_at" datetime, "sign_in_count" integer(4) DEFAULT 0 NOT NULL, "current_sign_in_at" datetime, "last_sign_in_at" datetime, "current_sign_in_ip" varchar(255), "last_sign_in_ip" varchar(255), "created_at" datetime, "updated_at" datetime, "first_name" varchar(255), "last_name" varchar(255), "zip_code" varchar(255), "braintree_id" varchar(255), "default_card_id" varchar(255), "merchant_account_id" varchar(255), "role" integer(4) DEFAULT 0) [0m
  [1m[35m (0.6ms)[0m  CREATE UNIQUE INDEX "index_users_on_email" ON "users" ("email")
  [1m[36m (0.1ms)[0m  [1m            SELECT sql
            FROM sqlite_master
            WHERE name='index_users_on_email' AND type='index'
            UNION ALL
            SELECT sql
            FROM sqlite_temp_master
            WHERE name='index_users_on_email' AND type='index'
[0m
  [1m[35m (0.6ms)[0m  CREATE UNIQUE INDEX "index_users_on_reset_password_token" ON "users" ("reset_password_token")
  [1m[36m (0.6ms)[0m  [1mCREATE TABLE "validations" ("id" INTEGER PRIMARY KEY AUTOINCREMENT NOT NULL, "name" varchar(255), "description" text(65535), "value_label" varchar(255), "created_at" datetime NOT NULL, "updated_at" datetime NOT NULL) [0m
  [1m[35m (0.5ms)[0m  CREATE TABLE "verifications" ("id" INTEGER PRIMARY KEY AUTOINCREMENT NOT NULL, "profile_id" integer(4), "validation_id" integer(4), "verified_by_user_id" integer(4), "validation_value" varchar(255), "note" text(65535), "created_at" datetime NOT NULL, "updated_at" datetime NOT NULL) 
  [1m[36m (0.5ms)[0m  [1mCREATE TABLE "schema_migrations" ("version" varchar NOT NULL) [0m
  [1m[35m (0.5ms)[0m  CREATE UNIQUE INDEX "unique_schema_migrations" ON "schema_migrations" ("version")
  [1m[36m (0.1ms)[0m  [1mSELECT version FROM "schema_migrations"[0m
  [1m[35m (0.4ms)[0m  INSERT INTO "schema_migrations" (version) VALUES ('20150608120147')
  [1m[36m (0.5ms)[0m  [1mINSERT INTO "schema_migrations" (version) VALUES ('20150505191241')[0m
  [1m[35m (0.5ms)[0m  INSERT INTO "schema_migrations" (version) VALUES ('20150506125929')
  [1m[36m (0.4ms)[0m  [1mINSERT INTO "schema_migrations" (version) VALUES ('20150506133931')[0m
  [1m[35m (0.4ms)[0m  INSERT INTO "schema_migrations" (version) VALUES ('20150506184629')
  [1m[36m (0.4ms)[0m  [1mINSERT INTO "schema_migrations" (version) VALUES ('20150506185639')[0m
  [1m[35m (0.4ms)[0m  INSERT INTO "schema_migrations" (version) VALUES ('20150507064627')
  [1m[36m (0.5ms)[0m  [1mINSERT INTO "schema_migrations" (version) VALUES ('20150513141911')[0m
  [1m[35m (0.5ms)[0m  INSERT INTO "schema_migrations" (version) VALUES ('20150514131457')
  [1m[36m (0.4ms)[0m  [1mINSERT INTO "schema_migrations" (version) VALUES ('20150514131722')[0m
  [1m[35m (0.5ms)[0m  INSERT INTO "schema_migrations" (version) VALUES ('20150514145722')
  [1m[36m (0.4ms)[0m  [1mINSERT INTO "schema_migrations" (version) VALUES ('20150514151103')[0m
  [1m[35m (0.5ms)[0m  INSERT INTO "schema_migrations" (version) VALUES ('20150515114558')
  [1m[36m (0.6ms)[0m  [1mINSERT INTO "schema_migrations" (version) VALUES ('20150515190527')[0m
  [1m[35m (0.6ms)[0m  INSERT INTO "schema_migrations" (version) VALUES ('20150518161014')
  [1m[36m (0.6ms)[0m  [1mINSERT INTO "schema_migrations" (version) VALUES ('20150518233307')[0m
  [1m[35m (0.5ms)[0m  INSERT INTO "schema_migrations" (version) VALUES ('20150519000854')
  [1m[36m (0.5ms)[0m  [1mINSERT INTO "schema_migrations" (version) VALUES ('20150519133156')[0m
  [1m[35m (0.6ms)[0m  INSERT INTO "schema_migrations" (version) VALUES ('20150519173840')
  [1m[36m (0.6ms)[0m  [1mINSERT INTO "schema_migrations" (version) VALUES ('20150520164257')[0m
  [1m[35m (0.5ms)[0m  INSERT INTO "schema_migrations" (version) VALUES ('20150522175843')
  [1m[36m (0.5ms)[0m  [1mINSERT INTO "schema_migrations" (version) VALUES ('20150523202716')[0m
  [1m[35m (0.5ms)[0m  INSERT INTO "schema_migrations" (version) VALUES ('20150527055755')
  [1m[36m (0.5ms)[0m  [1mINSERT INTO "schema_migrations" (version) VALUES ('20150529200323')[0m
  [1m[35m (0.5ms)[0m  INSERT INTO "schema_migrations" (version) VALUES ('20150530113510')
  [1m[36m (0.5ms)[0m  [1mINSERT INTO "schema_migrations" (version) VALUES ('20150530114422')[0m
  [1m[35m (0.5ms)[0m  INSERT INTO "schema_migrations" (version) VALUES ('20150601004319')
  [1m[36mActiveRecord::SchemaMigration Load (0.1ms)[0m  [1mSELECT "schema_migrations".* FROM "schema_migrations"[0m
  [1m[35m (0.0ms)[0m  begin transaction
  [1m[36mSQL (0.2ms)[0m  [1mINSERT INTO "categories" ("name", "url_slug", "created_at", "updated_at") VALUES (?, ?, ?, ?)[0m  [["name", "Home Improvement"], ["url_slug", "home-improvement"], ["created_at", "2015-06-10 13:18:03.249920"], ["updated_at", "2015-06-10 13:18:03.249920"]]
  [1m[35m (0.6ms)[0m  commit transaction
  [1m[36m (0.0ms)[0m  [1mbegin transaction[0m
  [1m[35mSQL (0.1ms)[0m  INSERT INTO "categories" ("name", "url_slug", "created_at", "updated_at") VALUES (?, ?, ?, ?)  [["name", "Interior Design"], ["url_slug", "interior-design"], ["created_at", "2015-06-10 13:18:03.251990"], ["updated_at", "2015-06-10 13:18:03.251990"]]
  [1m[36m (0.6ms)[0m  [1mcommit transaction[0m
  [1m[35m (0.0ms)[0m  begin transaction
  [1m[36mSQL (0.1ms)[0m  [1mINSERT INTO "categories" ("name", "url_slug", "created_at", "updated_at") VALUES (?, ?, ?, ?)[0m  [["name", "Landscape Design"], ["url_slug", "landscape-design"], ["created_at", "2015-06-10 13:18:03.253558"], ["updated_at", "2015-06-10 13:18:03.253558"]]
  [1m[35m (0.6ms)[0m  commit transaction
  [1m[36m (0.0ms)[0m  [1mbegin transaction[0m
  [1m[35mSQL (0.1ms)[0m  INSERT INTO "categories" ("name", "url_slug", "created_at", "updated_at") VALUES (?, ?, ?, ?)  [["name", "Professional Organization"], ["url_slug", "professional-organization"], ["created_at", "2015-06-10 13:18:03.255100"], ["updated_at", "2015-06-10 13:18:03.255100"]]
  [1m[36m (0.6ms)[0m  [1mcommit transaction[0m
  [1m[35m (0.0ms)[0m  begin transaction
  [1m[36mSQL (0.1ms)[0m  [1mINSERT INTO "categories" ("name", "url_slug", "created_at", "updated_at") VALUES (?, ?, ?, ?)[0m  [["name", "Food"], ["url_slug", "food"], ["created_at", "2015-06-10 13:18:03.256623"], ["updated_at", "2015-06-10 13:18:03.256623"]]
  [1m[35m (0.6ms)[0m  commit transaction
  [1m[36m (0.0ms)[0m  [1mbegin transaction[0m
  [1m[35mSQL (0.1ms)[0m  INSERT INTO "categories" ("name", "url_slug", "created_at", "updated_at") VALUES (?, ?, ?, ?)  [["name", "Dog Training"], ["url_slug", "dog-training"], ["created_at", "2015-06-10 13:18:03.258176"], ["updated_at", "2015-06-10 13:18:03.258176"]]
  [1m[36m (0.4ms)[0m  [1mcommit transaction[0m
  [1m[35m (0.1ms)[0m  begin transaction
  [1m[36mSQL (0.2ms)[0m  [1mINSERT INTO "tags" ("name", "category_id", "created_at", "updated_at") VALUES (?, ?, ?, ?)[0m  [["name", "Tiling"], ["category_id", 1], ["created_at", "2015-06-10 13:18:03.276363"], ["updated_at", "2015-06-10 13:18:03.276363"]]
  [1m[35m (0.6ms)[0m  commit transaction
  [1m[36m (0.0ms)[0m  [1mbegin transaction[0m
  [1m[35mSQL (0.1ms)[0m  INSERT INTO "tags" ("name", "category_id", "created_at", "updated_at") VALUES (?, ?, ?, ?)  [["name", "Flooring"], ["category_id", 1], ["created_at", "2015-06-10 13:18:03.278509"], ["updated_at", "2015-06-10 13:18:03.278509"]]
  [1m[36m (0.6ms)[0m  [1mcommit transaction[0m
  [1m[35m (0.0ms)[0m  begin transaction
  [1m[36mSQL (0.1ms)[0m  [1mINSERT INTO "tags" ("name", "category_id", "created_at", "updated_at") VALUES (?, ?, ?, ?)[0m  [["name", "Cabinets"], ["category_id", 1], ["created_at", "2015-06-10 13:18:03.280199"], ["updated_at", "2015-06-10 13:18:03.280199"]]
  [1m[35m (0.5ms)[0m  commit transaction
  [1m[36m (0.0ms)[0m  [1mbegin transaction[0m
  [1m[35mSQL (0.1ms)[0m  INSERT INTO "tags" ("name", "category_id", "created_at", "updated_at") VALUES (?, ?, ?, ?)  [["name", "Painting"], ["category_id", 1], ["created_at", "2015-06-10 13:18:03.281753"], ["updated_at", "2015-06-10 13:18:03.281753"]]
  [1m[36m (0.5ms)[0m  [1mcommit transaction[0m
  [1m[35m (0.0ms)[0m  begin transaction
  [1m[36mSQL (0.1ms)[0m  [1mINSERT INTO "tags" ("name", "category_id", "created_at", "updated_at") VALUES (?, ?, ?, ?)[0m  [["name", "Patching"], ["category_id", 1], ["created_at", "2015-06-10 13:18:03.283298"], ["updated_at", "2015-06-10 13:18:03.283298"]]
  [1m[35m (0.5ms)[0m  commit transaction
  [1m[36m (0.0ms)[0m  [1mbegin transaction[0m
  [1m[35mSQL (0.1ms)[0m  INSERT INTO "tags" ("name", "category_id", "created_at", "updated_at") VALUES (?, ?, ?, ?)  [["name", "Trim"], ["category_id", 1], ["created_at", "2015-06-10 13:18:03.284859"], ["updated_at", "2015-06-10 13:18:03.284859"]]
  [1m[36m (0.6ms)[0m  [1mcommit transaction[0m
  [1m[35m (0.0ms)[0m  begin transaction
  [1m[36mSQL (0.1ms)[0m  [1mINSERT INTO "tags" ("name", "category_id", "created_at", "updated_at") VALUES (?, ?, ?, ?)[0m  [["name", "Roof Repaier & Gutters"], ["category_id", 1], ["created_at", "2015-06-10 13:18:03.286472"], ["updated_at", "2015-06-10 13:18:03.286472"]]
  [1m[35m (0.5ms)[0m  commit transaction
  [1m[36m (0.0ms)[0m  [1mbegin transaction[0m
  [1m[35mSQL (0.1ms)[0m  INSERT INTO "tags" ("name", "category_id", "created_at", "updated_at") VALUES (?, ?, ?, ?)  [["name", "Appliance / Fixture Installation"], ["category_id", 1], ["created_at", "2015-06-10 13:18:03.288107"], ["updated_at", "2015-06-10 13:18:03.288107"]]
  [1m[36m (0.5ms)[0m  [1mcommit transaction[0m
  [1m[35m (0.0ms)[0m  begin transaction
  [1m[36mSQL (0.1ms)[0m  [1mINSERT INTO "tags" ("name", "category_id", "created_at", "updated_at") VALUES (?, ?, ?, ?)[0m  [["name", "Window Treatments"], ["category_id", 1], ["created_at", "2015-06-10 13:18:03.289755"], ["updated_at", "2015-06-10 13:18:03.289755"]]
  [1m[35m (0.5ms)[0m  commit transaction
  [1m[36m (0.0ms)[0m  [1mbegin transaction[0m
  [1m[35mSQL (0.1ms)[0m  INSERT INTO "tags" ("name", "category_id", "created_at", "updated_at") VALUES (?, ?, ?, ?)  [["name", "Decks & Porches"], ["category_id", 1], ["created_at", "2015-06-10 13:18:03.291304"], ["updated_at", "2015-06-10 13:18:03.291304"]]
  [1m[36m (0.5ms)[0m  [1mcommit transaction[0m
  [1m[35m (0.0ms)[0m  begin transaction
  [1m[36mSQL (0.1ms)[0m  [1mINSERT INTO "tags" ("name", "category_id", "created_at", "updated_at") VALUES (?, ?, ?, ?)[0m  [["name", "Caulking / Insulation"], ["category_id", 1], ["created_at", "2015-06-10 13:18:03.292876"], ["updated_at", "2015-06-10 13:18:03.292876"]]
  [1m[35m (0.5ms)[0m  commit transaction
  [1m[36m (0.0ms)[0m  [1mbegin transaction[0m
  [1m[35mSQL (0.1ms)[0m  INSERT INTO "tags" ("name", "category_id", "created_at", "updated_at") VALUES (?, ?, ?, ?)  [["name", "Sustainability"], ["category_id", 1], ["created_at", "2015-06-10 13:18:03.294410"], ["updated_at", "2015-06-10 13:18:03.294410"]]
  [1m[36m (0.5ms)[0m  [1mcommit transaction[0m
  [1m[35m (0.0ms)[0m  begin transaction
  [1m[36mSQL (0.1ms)[0m  [1mINSERT INTO "tags" ("name", "category_id", "created_at", "updated_at") VALUES (?, ?, ?, ?)[0m  [["name", "Plumbing"], ["category_id", 1], ["created_at", "2015-06-10 13:18:03.296223"], ["updated_at", "2015-06-10 13:18:03.296223"]]
  [1m[35m (0.5ms)[0m  commit transaction
  [1m[36m (0.0ms)[0m  [1mbegin transaction[0m
  [1m[35mSQL (0.2ms)[0m  INSERT INTO "tags" ("name", "category_id", "created_at", "updated_at") VALUES (?, ?, ?, ?)  [["name", "Siding"], ["category_id", 1], ["created_at", "2015-06-10 13:18:03.297815"], ["updated_at", "2015-06-10 13:18:03.297815"]]
  [1m[36m (0.5ms)[0m  [1mcommit transaction[0m
  [1m[35m (0.0ms)[0m  begin transaction
  [1m[36mSQL (0.1ms)[0m  [1mINSERT INTO "tags" ("name", "category_id", "created_at", "updated_at") VALUES (?, ?, ?, ?)[0m  [["name", "Kid Proofing"], ["category_id", 1], ["created_at", "2015-06-10 13:18:03.299425"], ["updated_at", "2015-06-10 13:18:03.299425"]]
  [1m[35m (0.5ms)[0m  commit transaction
  [1m[36m (0.0ms)[0m  [1mbegin transaction[0m
  [1m[35mSQL (0.2ms)[0m  INSERT INTO "availability_periods" ("name", "start_time", "end_time", "created_at", "updated_at") VALUES (?, ?, ?, ?, ?)  [["name", "All Day"], ["start_time", "2000-01-01 07:00:00.000000"], ["end_time", "2000-01-01 23:00:00.000000"], ["created_at", "2015-06-10 13:18:03.308575"], ["updated_at", "2015-06-10 13:18:03.308575"]]
  [1m[36m (0.5ms)[0m  [1mcommit transaction[0m
  [1m[35m (0.0ms)[0m  begin transaction
  [1m[36mSQL (0.1ms)[0m  [1mINSERT INTO "availability_periods" ("name", "start_time", "end_time", "created_at", "updated_at") VALUES (?, ?, ?, ?, ?)[0m  [["name", "Morning (8:00am - 12:00pm)"], ["start_time", "2000-01-01 08:00:00.000000"], ["end_time", "2000-01-01 12:00:00.000000"], ["created_at", "2015-06-10 13:18:03.310458"], ["updated_at", "2015-06-10 13:18:03.310458"]]
  [1m[35m (0.3ms)[0m  commit transaction
  [1m[36m (0.0ms)[0m  [1mbegin transaction[0m
  [1m[35mSQL (0.1ms)[0m  INSERT INTO "availability_periods" ("name", "start_time", "end_time", "created_at", "updated_at") VALUES (?, ?, ?, ?, ?)  [["name", "Afternoon (12:00pm - 5:00pm)"], ["start_time", "2000-01-01 12:00:00.000000"], ["end_time", "2000-01-01 17:00:00.000000"], ["created_at", "2015-06-10 13:18:03.311901"], ["updated_at", "2015-06-10 13:18:03.311901"]]
  [1m[36m (0.5ms)[0m  [1mcommit transaction[0m
  [1m[35m (0.0ms)[0m  begin transaction
  [1m[36mSQL (0.1ms)[0m  [1mINSERT INTO "availability_periods" ("name", "start_time", "end_time", "created_at", "updated_at") VALUES (?, ?, ?, ?, ?)[0m  [["name", "Evening (5:00pm - 10:00pm)"], ["start_time", "2000-01-01 17:00:00.000000"], ["end_time", "2000-01-01 22:00:00.000000"], ["created_at", "2015-06-10 13:18:03.313504"], ["updated_at", "2015-06-10 13:18:03.313504"]]
  [1m[35m (0.5ms)[0m  commit transaction
  [1m[36m (0.0ms)[0m  [1mbegin transaction[0m
  [1m[35mSQL (0.2ms)[0m  INSERT INTO "availability_periods" ("name", "created_at", "updated_at") VALUES (?, ?, ?)  [["name", "Custom"], ["created_at", "2015-06-10 13:18:03.315030"], ["updated_at", "2015-06-10 13:18:03.315030"]]
  [1m[36m (0.5ms)[0m  [1mcommit transaction[0m
  [1m[35m (0.0ms)[0m  begin transaction
  [1m[36mSQL (0.2ms)[0m  [1mINSERT INTO "time_slots" ("start_time", "end_time", "created_at", "updated_at") VALUES (?, ?, ?, ?)[0m  [["start_time", "2000-01-01 08:00:00.000000"], ["end_time", "2000-01-01 09:00:00.000000"], ["created_at", "2015-06-10 13:18:03.323527"], ["updated_at", "2015-06-10 13:18:03.323527"]]
  [1m[35m (0.5ms)[0m  commit transaction
  [1m[36m (0.0ms)[0m  [1mbegin transaction[0m
  [1m[35mSQL (0.1ms)[0m  INSERT INTO "time_slots" ("start_time", "end_time", "created_at", "updated_at") VALUES (?, ?, ?, ?)  [["start_time", "2000-01-01 09:00:00.000000"], ["end_time", "2000-01-01 10:00:00.000000"], ["created_at", "2015-06-10 13:18:03.325373"], ["updated_at", "2015-06-10 13:18:03.325373"]]
  [1m[36m (0.5ms)[0m  [1mcommit transaction[0m
  [1m[35m (0.0ms)[0m  begin transaction
  [1m[36mSQL (0.1ms)[0m  [1mINSERT INTO "time_slots" ("start_time", "end_time", "created_at", "updated_at") VALUES (?, ?, ?, ?)[0m  [["start_time", "2000-01-01 10:00:00.000000"], ["end_time", "2000-01-01 11:00:00.000000"], ["created_at", "2015-06-10 13:18:03.326990"], ["updated_at", "2015-06-10 13:18:03.326990"]]
  [1m[35m (0.5ms)[0m  commit transaction
  [1m[36m (0.0ms)[0m  [1mbegin transaction[0m
  [1m[35mSQL (0.1ms)[0m  INSERT INTO "time_slots" ("start_time", "end_time", "created_at", "updated_at") VALUES (?, ?, ?, ?)  [["start_time", "2000-01-01 11:00:00.000000"], ["end_time", "2000-01-01 12:00:00.000000"], ["created_at", "2015-06-10 13:18:03.328560"], ["updated_at", "2015-06-10 13:18:03.328560"]]
  [1m[36m (0.5ms)[0m  [1mcommit transaction[0m
  [1m[35m (0.0ms)[0m  begin transaction
  [1m[36mSQL (0.1ms)[0m  [1mINSERT INTO "time_slots" ("start_time", "end_time", "created_at", "updated_at") VALUES (?, ?, ?, ?)[0m  [["start_time", "2000-01-01 12:00:00.000000"], ["end_time", "2000-01-01 13:00:00.000000"], ["created_at", "2015-06-10 13:18:03.330132"], ["updated_at", "2015-06-10 13:18:03.330132"]]
  [1m[35m (0.5ms)[0m  commit transaction
  [1m[36m (0.0ms)[0m  [1mbegin transaction[0m
  [1m[35mSQL (0.1ms)[0m  INSERT INTO "time_slots" ("start_time", "end_time", "created_at", "updated_at") VALUES (?, ?, ?, ?)  [["start_time", "2000-01-01 13:00:00.000000"], ["end_time", "2000-01-01 14:00:00.000000"], ["created_at", "2015-06-10 13:18:03.331661"], ["updated_at", "2015-06-10 13:18:03.331661"]]
  [1m[36m (0.5ms)[0m  [1mcommit transaction[0m
  [1m[35m (0.0ms)[0m  begin transaction
  [1m[36mSQL (0.1ms)[0m  [1mINSERT INTO "time_slots" ("start_time", "end_time", "created_at", "updated_at") VALUES (?, ?, ?, ?)[0m  [["start_time", "2000-01-01 14:00:00.000000"], ["end_time", "2000-01-01 15:00:00.000000"], ["created_at", "2015-06-10 13:18:03.333275"], ["updated_at", "2015-06-10 13:18:03.333275"]]
  [1m[35m (0.5ms)[0m  commit transaction
  [1m[36m (0.0ms)[0m  [1mbegin transaction[0m
  [1m[35mSQL (0.1ms)[0m  INSERT INTO "time_slots" ("start_time", "end_time", "created_at", "updated_at") VALUES (?, ?, ?, ?)  [["start_time", "2000-01-01 15:00:00.000000"], ["end_time", "2000-01-01 16:00:00.000000"], ["created_at", "2015-06-10 13:18:03.334859"], ["updated_at", "2015-06-10 13:18:03.334859"]]
  [1m[36m (0.5ms)[0m  [1mcommit transaction[0m
  [1m[35m (0.0ms)[0m  begin transaction
  [1m[36mSQL (0.1ms)[0m  [1mINSERT INTO "time_slots" ("start_time", "end_time", "created_at", "updated_at") VALUES (?, ?, ?, ?)[0m  [["start_time", "2000-01-01 16:00:00.000000"], ["end_time", "2000-01-01 17:00:00.000000"], ["created_at", "2015-06-10 13:18:03.336391"], ["updated_at", "2015-06-10 13:18:03.336391"]]
  [1m[35m (0.5ms)[0m  commit transaction
  [1m[36m (0.0ms)[0m  [1mbegin transaction[0m
  [1m[35mSQL (0.1ms)[0m  INSERT INTO "time_slots" ("start_time", "end_time", "created_at", "updated_at") VALUES (?, ?, ?, ?)  [["start_time", "2000-01-01 17:00:00.000000"], ["end_time", "2000-01-01 18:00:00.000000"], ["created_at", "2015-06-10 13:18:03.337946"], ["updated_at", "2015-06-10 13:18:03.337946"]]
  [1m[36m (0.5ms)[0m  [1mcommit transaction[0m
  [1m[35m (0.0ms)[0m  begin transaction
  [1m[36mSQL (0.1ms)[0m  [1mINSERT INTO "time_slots" ("start_time", "end_time", "created_at", "updated_at") VALUES (?, ?, ?, ?)[0m  [["start_time", "2000-01-01 18:00:00.000000"], ["end_time", "2000-01-01 19:00:00.000000"], ["created_at", "2015-06-10 13:18:03.339508"], ["updated_at", "2015-06-10 13:18:03.339508"]]
  [1m[35m (0.5ms)[0m  commit transaction
  [1m[36m (0.0ms)[0m  [1mbegin transaction[0m
  [1m[35mSQL (0.1ms)[0m  INSERT INTO "time_slots" ("start_time", "end_time", "created_at", "updated_at") VALUES (?, ?, ?, ?)  [["start_time", "2000-01-01 19:00:00.000000"], ["end_time", "2000-01-01 20:00:00.000000"], ["created_at", "2015-06-10 13:18:03.341036"], ["updated_at", "2015-06-10 13:18:03.341036"]]
  [1m[36m (0.5ms)[0m  [1mcommit transaction[0m
  [1m[35m (0.0ms)[0m  begin transaction
  [1m[36mSQL (0.1ms)[0m  [1mINSERT INTO "time_slots" ("start_time", "end_time", "created_at", "updated_at") VALUES (?, ?, ?, ?)[0m  [["start_time", "2000-01-01 20:00:00.000000"], ["end_time", "2000-01-01 21:00:00.000000"], ["created_at", "2015-06-10 13:18:03.342697"], ["updated_at", "2015-06-10 13:18:03.342697"]]
  [1m[35m (0.6ms)[0m  commit transaction
  [1m[36m (0.0ms)[0m  [1mbegin transaction[0m
  [1m[35mSQL (0.1ms)[0m  INSERT INTO "time_slots" ("start_time", "end_time", "created_at", "updated_at") VALUES (?, ?, ?, ?)  [["start_time", "2000-01-01 21:00:00.000000"], ["end_time", "2000-01-01 22:00:00.000000"], ["created_at", "2015-06-10 13:18:03.344382"], ["updated_at", "2015-06-10 13:18:03.344382"]]
  [1m[36m (0.5ms)[0m  [1mcommit transaction[0m
  [1m[35m (0.0ms)[0m  begin transaction
  [1m[36mSQL (0.1ms)[0m  [1mINSERT INTO "time_slots" ("start_time", "end_time", "created_at", "updated_at") VALUES (?, ?, ?, ?)[0m  [["start_time", "2000-01-01 22:00:00.000000"], ["end_time", "2000-01-01 23:00:00.000000"], ["created_at", "2015-06-10 13:18:03.346068"], ["updated_at", "2015-06-10 13:18:03.346068"]]
  [1m[35m (0.5ms)[0m  commit transaction
  [1m[36m (1.3ms)[0m  [1mDROP TABLE "availability_period_time_slots"[0m
  [1m[35m (0.7ms)[0m  CREATE TABLE "availability_period_time_slots" ("availability_period_id" integer(4), "time_slot_id" integer(4)) 
  [1m[36m (0.6ms)[0m  [1mDROP TABLE "availability_periods"[0m
  [1m[35m (0.5ms)[0m  CREATE TABLE "availability_periods" ("id" INTEGER PRIMARY KEY AUTOINCREMENT NOT NULL, "name" varchar(255), "created_at" datetime NOT NULL, "updated_at" datetime NOT NULL, "start_time" time, "end_time" time) 
  [1m[36m (0.5ms)[0m  [1mDROP TABLE "availability_periods_day_availabilities"[0m
  [1m[35m (0.6ms)[0m  CREATE TABLE "availability_periods_day_availabilities" ("day_availability_id" integer(4), "availability_period_id" integer(4)) 
  [1m[36m (0.1ms)[0m  [1mselect sqlite_version(*)[0m
  [1m[35m (0.6ms)[0m  CREATE UNIQUE INDEX "unique_availability_xref" ON "availability_periods_day_availabilities" ("day_availability_id", "availability_period_id")
  [1m[36m (0.6ms)[0m  [1mDROP TABLE "bookings"[0m
  [1m[35m (0.7ms)[0m  CREATE TABLE "bookings" ("id" INTEGER PRIMARY KEY AUTOINCREMENT NOT NULL, "title" varchar(255), "description" text(65535), "location" varchar(255), "online_meeting" boolean(1), "category_id" integer(4), "mentor_id" integer(4), "mentee_id" integer(4), "created_at" datetime NOT NULL, "updated_at" datetime NOT NULL, "is_finalized" boolean(1) DEFAULT 'f') 
  [1m[36m (0.6ms)[0m  [1mDROP TABLE "bookings_tags"[0m
  [1m[35m (0.6ms)[0m  CREATE TABLE "bookings_tags" ("tag_id" integer(4), "booking_id" integer(4)) 
  [1m[36m (0.6ms)[0m  [1mCREATE  INDEX "index_bookings_tags_on_booking_id" ON "bookings_tags" ("booking_id")[0m
  [1m[35m (0.1ms)[0m              SELECT sql
            FROM sqlite_master
            WHERE name='index_bookings_tags_on_booking_id' AND type='index'
            UNION ALL
            SELECT sql
            FROM sqlite_temp_master
            WHERE name='index_bookings_tags_on_booking_id' AND type='index'

  [1m[36m (0.7ms)[0m  [1mCREATE  INDEX "index_bookings_tags_on_tag_id" ON "bookings_tags" ("tag_id")[0m
  [1m[35m (0.6ms)[0m  DROP TABLE "categories"
  [1m[36m (0.6ms)[0m  [1mCREATE TABLE "categories" ("id" INTEGER PRIMARY KEY AUTOINCREMENT NOT NULL, "name" varchar(255), "created_at" datetime NOT NULL, "updated_at" datetime NOT NULL, "url_slug" varchar(255)) [0m
  [1m[35m (0.5ms)[0m  DROP TABLE "day_availabilities"
  [1m[36m (0.6ms)[0m  [1mCREATE TABLE "day_availabilities" ("id" INTEGER PRIMARY KEY AUTOINCREMENT NOT NULL, "day_number" integer(4), "availability_period_id" integer(4), "created_at" datetime NOT NULL, "updated_at" datetime NOT NULL, "profile_id" integer(4)) [0m
  [1m[35m (0.6ms)[0m  DROP TABLE "day_availabilities_time_slots"
  [1m[36m (0.6ms)[0m  [1mCREATE TABLE "day_availabilities_time_slots" ("day_availability_id" integer(4), "time_slot_id" integer(4), "part_id" integer(4)) [0m
  [1m[35m (0.7ms)[0m  CREATE  INDEX "index_day_availabilities_time_slots_on_day_availability_id" ON "day_availabilities_time_slots" ("day_availability_id")
  [1m[36m (0.1ms)[0m  [1m            SELECT sql
            FROM sqlite_master
            WHERE name='index_day_availabilities_time_slots_on_day_availability_id' AND type='index'
            UNION ALL
            SELECT sql
            FROM sqlite_temp_master
            WHERE name='index_day_availabilities_time_slots_on_day_availability_id' AND type='index'
[0m
  [1m[35m (0.5ms)[0m  CREATE  INDEX "index_day_availabilities_time_slots_on_part_id" ON "day_availabilities_time_slots" ("part_id")
  [1m[36m (0.1ms)[0m  [1m            SELECT sql
            FROM sqlite_master
            WHERE name='index_day_availabilities_time_slots_on_part_id' AND type='index'
            UNION ALL
            SELECT sql
            FROM sqlite_temp_master
            WHERE name='index_day_availabilities_time_slots_on_part_id' AND type='index'
[0m
  [1m[35m (0.1ms)[0m              SELECT sql
            FROM sqlite_master
            WHERE name='index_day_availabilities_time_slots_on_day_availability_id' AND type='index'
            UNION ALL
            SELECT sql
            FROM sqlite_temp_master
            WHERE name='index_day_availabilities_time_slots_on_day_availability_id' AND type='index'

  [1m[36m (0.7ms)[0m  [1mCREATE  INDEX "index_day_availabilities_time_slots_on_time_slot_id" ON "day_availabilities_time_slots" ("time_slot_id")[0m
  [1m[35m (0.6ms)[0m  DROP TABLE "photos"
  [1m[36m (0.6ms)[0m  [1mCREATE TABLE "photos" ("id" INTEGER PRIMARY KEY AUTOINCREMENT NOT NULL, "photoable_id" integer(4), "photoable_type" varchar(255), "caption" varchar(255), "created_at" datetime NOT NULL, "updated_at" datetime NOT NULL, "image_file_file_name" varchar(255), "image_file_content_type" varchar(255), "image_file_file_size" integer(4), "image_file_updated_at" datetime) [0m
  [1m[35m (0.6ms)[0m  DROP TABLE "profiles"
  [1m[36m (0.6ms)[0m  [1mCREATE TABLE "profiles" ("id" INTEGER PRIMARY KEY AUTOINCREMENT NOT NULL, "user_id" integer(4), "one_line_description" varchar(255), "expertise_description" text(65535), "sales_pitch" text(65535), "employer" varchar(255), "school" varchar(255), "languages" varchar(255), "created_at" datetime NOT NULL, "updated_at" datetime NOT NULL) [0m
  [1m[35m (0.6ms)[0m  DROP TABLE "rates"
  [1m[36m (0.6ms)[0m  [1mCREATE TABLE "rates" ("id" INTEGER PRIMARY KEY AUTOINCREMENT NOT NULL, "type" varchar(255), "skill_id" integer(4), "amount" decimal(8,2), "created_at" datetime NOT NULL, "updated_at" datetime NOT NULL) [0m
  [1m[35m (0.6ms)[0m  DROP TABLE "skills"
  [1m[36m (0.7ms)[0m  [1mCREATE TABLE "skills" ("id" INTEGER PRIMARY KEY AUTOINCREMENT NOT NULL, "category_id" integer(4), "description" text(65535), "created_at" datetime NOT NULL, "updated_at" datetime NOT NULL, "profile_id" integer(4), "rate_amount" decimal(8,2), "rate_type" varchar(255)) [0m
  [1m[35m (0.6ms)[0m  DROP TABLE "skills_tags"
  [1m[36m (0.7ms)[0m  [1mCREATE TABLE "skills_tags" ("tag_id" integer(4), "skill_id" integer(4)) [0m
  [1m[35m (0.6ms)[0m  CREATE  INDEX "index_skills_tags_on_skill_id" ON "skills_tags" ("skill_id")
  [1m[36m (0.1ms)[0m  [1m            SELECT sql
            FROM sqlite_master
            WHERE name='index_skills_tags_on_skill_id' AND type='index'
            UNION ALL
            SELECT sql
            FROM sqlite_temp_master
            WHERE name='index_skills_tags_on_skill_id' AND type='index'
[0m
  [1m[35m (0.5ms)[0m  CREATE  INDEX "index_skills_tags_on_tag_id" ON "skills_tags" ("tag_id")
  [1m[36m (0.5ms)[0m  [1mDROP TABLE "tags"[0m
  [1m[35m (0.5ms)[0m  CREATE TABLE "tags" ("id" INTEGER PRIMARY KEY AUTOINCREMENT NOT NULL, "category_id" integer(4), "name" varchar(255), "description" text(65535), "created_at" datetime NOT NULL, "updated_at" datetime NOT NULL) 
  [1m[36m (0.5ms)[0m  [1mDROP TABLE "time_slots"[0m
  [1m[35m (0.5ms)[0m  CREATE TABLE "time_slots" ("id" INTEGER PRIMARY KEY AUTOINCREMENT NOT NULL, "start_time" time, "end_time" time, "created_at" datetime NOT NULL, "updated_at" datetime NOT NULL) 
  [1m[36m (0.5ms)[0m  [1mDROP TABLE "transactions"[0m
  [1m[35m (0.5ms)[0m  CREATE TABLE "transactions" ("id" INTEGER PRIMARY KEY AUTOINCREMENT NOT NULL, "user_id" integer(4), "pay_to_mentor_id" integer(4), "title" varchar(255), "amount" decimal(10) DEFAULT 0, "state" varchar(255) DEFAULT 'not paid', "created_at" datetime NOT NULL, "updated_at" datetime NOT NULL) 
  [1m[36m (0.5ms)[0m  [1mCREATE  INDEX "index_transactions_on_user_id" ON "transactions" ("user_id")[0m
  [1m[35m (0.5ms)[0m  DROP TABLE "users"
  [1m[36m (0.5ms)[0m  [1mCREATE TABLE "users" ("id" INTEGER PRIMARY KEY AUTOINCREMENT NOT NULL, "email" varchar(255) DEFAULT '' NOT NULL, "encrypted_password" varchar(255) DEFAULT '' NOT NULL, "reset_password_token" varchar(255), "reset_password_sent_at" datetime, "remember_created_at" datetime, "sign_in_count" integer(4) DEFAULT 0 NOT NULL, "current_sign_in_at" datetime, "last_sign_in_at" datetime, "current_sign_in_ip" varchar(255), "last_sign_in_ip" varchar(255), "created_at" datetime, "updated_at" datetime, "first_name" varchar(255), "last_name" varchar(255), "zip_code" varchar(255), "role" integer(4) DEFAULT 0, "braintree_id" varchar(255), "default_card_id" varchar(255), "merchant_account_id" varchar(255)) [0m
  [1m[35m (0.5ms)[0m  CREATE UNIQUE INDEX "index_users_on_email" ON "users" ("email")
  [1m[36m (0.1ms)[0m  [1m            SELECT sql
            FROM sqlite_master
            WHERE name='index_users_on_email' AND type='index'
            UNION ALL
            SELECT sql
            FROM sqlite_temp_master
            WHERE name='index_users_on_email' AND type='index'
[0m
  [1m[35m (0.5ms)[0m  CREATE UNIQUE INDEX "index_users_on_reset_password_token" ON "users" ("reset_password_token")
  [1m[36m (0.5ms)[0m  [1mDROP TABLE "validations"[0m
  [1m[35m (0.5ms)[0m  CREATE TABLE "validations" ("id" INTEGER PRIMARY KEY AUTOINCREMENT NOT NULL, "name" varchar(255), "description" text(65535), "value_label" varchar(255), "created_at" datetime NOT NULL, "updated_at" datetime NOT NULL) 
  [1m[36m (0.5ms)[0m  [1mDROP TABLE "verifications"[0m
  [1m[35m (0.5ms)[0m  CREATE TABLE "verifications" ("id" INTEGER PRIMARY KEY AUTOINCREMENT NOT NULL, "profile_id" integer(4), "validation_id" integer(4), "verified_by_user_id" integer(4), "validation_value" varchar(255), "note" text(65535), "created_at" datetime NOT NULL, "updated_at" datetime NOT NULL) 
  [1m[36m (0.1ms)[0m  [1mSELECT version FROM "schema_migrations"[0m
  [1m[35mActiveRecord::SchemaMigration Load (0.1ms)[0m  SELECT "schema_migrations".* FROM "schema_migrations"
  [1m[36m (0.0ms)[0m  [1mbegin transaction[0m
  [1m[35mSQL (0.2ms)[0m  INSERT INTO "categories" ("name", "url_slug", "created_at", "updated_at") VALUES (?, ?, ?, ?)  [["name", "Home Improvement"], ["url_slug", "home-improvement"], ["created_at", "2015-06-10 13:29:53.931507"], ["updated_at", "2015-06-10 13:29:53.931507"]]
  [1m[36m (0.6ms)[0m  [1mcommit transaction[0m
  [1m[35m (0.0ms)[0m  begin transaction
  [1m[36mSQL (0.1ms)[0m  [1mINSERT INTO "categories" ("name", "url_slug", "created_at", "updated_at") VALUES (?, ?, ?, ?)[0m  [["name", "Interior Design"], ["url_slug", "interior-design"], ["created_at", "2015-06-10 13:29:53.933583"], ["updated_at", "2015-06-10 13:29:53.933583"]]
  [1m[35m (0.5ms)[0m  commit transaction
  [1m[36m (0.0ms)[0m  [1mbegin transaction[0m
  [1m[35mSQL (0.1ms)[0m  INSERT INTO "categories" ("name", "url_slug", "created_at", "updated_at") VALUES (?, ?, ?, ?)  [["name", "Landscape Design"], ["url_slug", "landscape-design"], ["created_at", "2015-06-10 13:29:53.934985"], ["updated_at", "2015-06-10 13:29:53.934985"]]
  [1m[36m (0.4ms)[0m  [1mcommit transaction[0m
  [1m[35m (0.0ms)[0m  begin transaction
  [1m[36mSQL (0.1ms)[0m  [1mINSERT INTO "categories" ("name", "url_slug", "created_at", "updated_at") VALUES (?, ?, ?, ?)[0m  [["name", "Professional Organization"], ["url_slug", "professional-organization"], ["created_at", "2015-06-10 13:29:53.936364"], ["updated_at", "2015-06-10 13:29:53.936364"]]
  [1m[35m (0.5ms)[0m  commit transaction
  [1m[36m (0.0ms)[0m  [1mbegin transaction[0m
  [1m[35mSQL (0.1ms)[0m  INSERT INTO "categories" ("name", "url_slug", "created_at", "updated_at") VALUES (?, ?, ?, ?)  [["name", "Food"], ["url_slug", "food"], ["created_at", "2015-06-10 13:29:53.937815"], ["updated_at", "2015-06-10 13:29:53.937815"]]
  [1m[36m (0.5ms)[0m  [1mcommit transaction[0m
  [1m[35m (0.0ms)[0m  begin transaction
  [1m[36mSQL (0.1ms)[0m  [1mINSERT INTO "categories" ("name", "url_slug", "created_at", "updated_at") VALUES (?, ?, ?, ?)[0m  [["name", "Dog Training"], ["url_slug", "dog-training"], ["created_at", "2015-06-10 13:29:53.939248"], ["updated_at", "2015-06-10 13:29:53.939248"]]
  [1m[35m (0.6ms)[0m  commit transaction
  [1m[36m (0.1ms)[0m  [1mbegin transaction[0m
  [1m[35mSQL (0.2ms)[0m  INSERT INTO "tags" ("name", "category_id", "created_at", "updated_at") VALUES (?, ?, ?, ?)  [["name", "Tiling"], ["category_id", 1], ["created_at", "2015-06-10 13:29:53.991542"], ["updated_at", "2015-06-10 13:29:53.991542"]]
  [1m[36m (0.6ms)[0m  [1mcommit transaction[0m
  [1m[35m (0.0ms)[0m  begin transaction
  [1m[36mSQL (0.1ms)[0m  [1mINSERT INTO "tags" ("name", "category_id", "created_at", "updated_at") VALUES (?, ?, ?, ?)[0m  [["name", "Flooring"], ["category_id", 1], ["created_at", "2015-06-10 13:29:53.993621"], ["updated_at", "2015-06-10 13:29:53.993621"]]
  [1m[35m (0.5ms)[0m  commit transaction
  [1m[36m (0.0ms)[0m  [1mbegin transaction[0m
  [1m[35mSQL (0.1ms)[0m  INSERT INTO "tags" ("name", "category_id", "created_at", "updated_at") VALUES (?, ?, ?, ?)  [["name", "Cabinets"], ["category_id", 1], ["created_at", "2015-06-10 13:29:53.995185"], ["updated_at", "2015-06-10 13:29:53.995185"]]
  [1m[36m (0.5ms)[0m  [1mcommit transaction[0m
  [1m[35m (0.0ms)[0m  begin transaction
  [1m[36mSQL (0.1ms)[0m  [1mINSERT INTO "tags" ("name", "category_id", "created_at", "updated_at") VALUES (?, ?, ?, ?)[0m  [["name", "Painting"], ["category_id", 1], ["created_at", "2015-06-10 13:29:53.996759"], ["updated_at", "2015-06-10 13:29:53.996759"]]
  [1m[35m (0.5ms)[0m  commit transaction
  [1m[36m (0.0ms)[0m  [1mbegin transaction[0m
  [1m[35mSQL (0.1ms)[0m  INSERT INTO "tags" ("name", "category_id", "created_at", "updated_at") VALUES (?, ?, ?, ?)  [["name", "Patching"], ["category_id", 1], ["created_at", "2015-06-10 13:29:53.998280"], ["updated_at", "2015-06-10 13:29:53.998280"]]
  [1m[36m (0.4ms)[0m  [1mcommit transaction[0m
  [1m[35m (0.0ms)[0m  begin transaction
  [1m[36mSQL (0.1ms)[0m  [1mINSERT INTO "tags" ("name", "category_id", "created_at", "updated_at") VALUES (?, ?, ?, ?)[0m  [["name", "Trim"], ["category_id", 1], ["created_at", "2015-06-10 13:29:53.999824"], ["updated_at", "2015-06-10 13:29:53.999824"]]
  [1m[35m (0.5ms)[0m  commit transaction
  [1m[36m (0.1ms)[0m  [1mbegin transaction[0m
  [1m[35mSQL (0.1ms)[0m  INSERT INTO "tags" ("name", "category_id", "created_at", "updated_at") VALUES (?, ?, ?, ?)  [["name", "Roof Repaier & Gutters"], ["category_id", 1], ["created_at", "2015-06-10 13:29:54.001461"], ["updated_at", "2015-06-10 13:29:54.001461"]]
  [1m[36m (0.5ms)[0m  [1mcommit transaction[0m
  [1m[35m (0.0ms)[0m  begin transaction
  [1m[36mSQL (0.1ms)[0m  [1mINSERT INTO "tags" ("name", "category_id", "created_at", "updated_at") VALUES (?, ?, ?, ?)[0m  [["name", "Appliance / Fixture Installation"], ["category_id", 1], ["created_at", "2015-06-10 13:29:54.003073"], ["updated_at", "2015-06-10 13:29:54.003073"]]
  [1m[35m (0.5ms)[0m  commit transaction
  [1m[36m (0.0ms)[0m  [1mbegin transaction[0m
  [1m[35mSQL (0.1ms)[0m  INSERT INTO "tags" ("name", "category_id", "created_at", "updated_at") VALUES (?, ?, ?, ?)  [["name", "Window Treatments"], ["category_id", 1], ["created_at", "2015-06-10 13:29:54.004650"], ["updated_at", "2015-06-10 13:29:54.004650"]]
  [1m[36m (0.5ms)[0m  [1mcommit transaction[0m
  [1m[35m (0.0ms)[0m  begin transaction
  [1m[36mSQL (0.1ms)[0m  [1mINSERT INTO "tags" ("name", "category_id", "created_at", "updated_at") VALUES (?, ?, ?, ?)[0m  [["name", "Decks & Porches"], ["category_id", 1], ["created_at", "2015-06-10 13:29:54.006211"], ["updated_at", "2015-06-10 13:29:54.006211"]]
  [1m[35m (0.5ms)[0m  commit transaction
  [1m[36m (0.0ms)[0m  [1mbegin transaction[0m
  [1m[35mSQL (0.1ms)[0m  INSERT INTO "tags" ("name", "category_id", "created_at", "updated_at") VALUES (?, ?, ?, ?)  [["name", "Caulking / Insulation"], ["category_id", 1], ["created_at", "2015-06-10 13:29:54.007755"], ["updated_at", "2015-06-10 13:29:54.007755"]]
  [1m[36m (0.5ms)[0m  [1mcommit transaction[0m
  [1m[35m (0.0ms)[0m  begin transaction
  [1m[36mSQL (0.1ms)[0m  [1mINSERT INTO "tags" ("name", "category_id", "created_at", "updated_at") VALUES (?, ?, ?, ?)[0m  [["name", "Sustainability"], ["category_id", 1], ["created_at", "2015-06-10 13:29:54.009299"], ["updated_at", "2015-06-10 13:29:54.009299"]]
  [1m[35m (0.5ms)[0m  commit transaction
  [1m[36m (0.0ms)[0m  [1mbegin transaction[0m
  [1m[35mSQL (0.1ms)[0m  INSERT INTO "tags" ("name", "category_id", "created_at", "updated_at") VALUES (?, ?, ?, ?)  [["name", "Plumbing"], ["category_id", 1], ["created_at", "2015-06-10 13:29:54.010877"], ["updated_at", "2015-06-10 13:29:54.010877"]]
  [1m[36m (0.6ms)[0m  [1mcommit transaction[0m
  [1m[35m (0.0ms)[0m  begin transaction
  [1m[36mSQL (0.1ms)[0m  [1mINSERT INTO "tags" ("name", "category_id", "created_at", "updated_at") VALUES (?, ?, ?, ?)[0m  [["name", "Siding"], ["category_id", 1], ["created_at", "2015-06-10 13:29:54.012490"], ["updated_at", "2015-06-10 13:29:54.012490"]]
  [1m[35m (0.5ms)[0m  commit transaction
  [1m[36m (0.0ms)[0m  [1mbegin transaction[0m
  [1m[35mSQL (0.1ms)[0m  INSERT INTO "tags" ("name", "category_id", "created_at", "updated_at") VALUES (?, ?, ?, ?)  [["name", "Kid Proofing"], ["category_id", 1], ["created_at", "2015-06-10 13:29:54.014039"], ["updated_at", "2015-06-10 13:29:54.014039"]]
  [1m[36m (0.5ms)[0m  [1mcommit transaction[0m
  [1m[35m (0.0ms)[0m  begin transaction
  [1m[36mSQL (0.2ms)[0m  [1mINSERT INTO "availability_periods" ("name", "start_time", "end_time", "created_at", "updated_at") VALUES (?, ?, ?, ?, ?)[0m  [["name", "All Day"], ["start_time", "2000-01-01 07:00:00.000000"], ["end_time", "2000-01-01 23:00:00.000000"], ["created_at", "2015-06-10 13:29:54.023194"], ["updated_at", "2015-06-10 13:29:54.023194"]]
  [1m[35m (0.4ms)[0m  commit transaction
  [1m[36m (0.0ms)[0m  [1mbegin transaction[0m
  [1m[35mSQL (0.1ms)[0m  INSERT INTO "availability_periods" ("name", "start_time", "end_time", "created_at", "updated_at") VALUES (?, ?, ?, ?, ?)  [["name", "Morning (8:00am - 12:00pm)"], ["start_time", "2000-01-01 08:00:00.000000"], ["end_time", "2000-01-01 12:00:00.000000"], ["created_at", "2015-06-10 13:29:54.024932"], ["updated_at", "2015-06-10 13:29:54.024932"]]
  [1m[36m (0.5ms)[0m  [1mcommit transaction[0m
  [1m[35m (0.0ms)[0m  begin transaction
  [1m[36mSQL (0.1ms)[0m  [1mINSERT INTO "availability_periods" ("name", "start_time", "end_time", "created_at", "updated_at") VALUES (?, ?, ?, ?, ?)[0m  [["name", "Afternoon (12:00pm - 5:00pm)"], ["start_time", "2000-01-01 12:00:00.000000"], ["end_time", "2000-01-01 17:00:00.000000"], ["created_at", "2015-06-10 13:29:54.026515"], ["updated_at", "2015-06-10 13:29:54.026515"]]
  [1m[35m (0.5ms)[0m  commit transaction
  [1m[36m (0.0ms)[0m  [1mbegin transaction[0m
  [1m[35mSQL (0.1ms)[0m  INSERT INTO "availability_periods" ("name", "start_time", "end_time", "created_at", "updated_at") VALUES (?, ?, ?, ?, ?)  [["name", "Evening (5:00pm - 10:00pm)"], ["start_time", "2000-01-01 17:00:00.000000"], ["end_time", "2000-01-01 22:00:00.000000"], ["created_at", "2015-06-10 13:29:54.028113"], ["updated_at", "2015-06-10 13:29:54.028113"]]
  [1m[36m (0.5ms)[0m  [1mcommit transaction[0m
  [1m[35m (0.0ms)[0m  begin transaction
  [1m[36mSQL (0.2ms)[0m  [1mINSERT INTO "availability_periods" ("name", "created_at", "updated_at") VALUES (?, ?, ?)[0m  [["name", "Custom"], ["created_at", "2015-06-10 13:29:54.029635"], ["updated_at", "2015-06-10 13:29:54.029635"]]
  [1m[35m (0.5ms)[0m  commit transaction
  [1m[36m (0.0ms)[0m  [1mbegin transaction[0m
  [1m[35mSQL (0.2ms)[0m  INSERT INTO "time_slots" ("start_time", "end_time", "created_at", "updated_at") VALUES (?, ?, ?, ?)  [["start_time", "2000-01-01 08:00:00.000000"], ["end_time", "2000-01-01 09:00:00.000000"], ["created_at", "2015-06-10 13:29:54.038014"], ["updated_at", "2015-06-10 13:29:54.038014"]]
  [1m[36m (0.5ms)[0m  [1mcommit transaction[0m
  [1m[35m (0.0ms)[0m  begin transaction
  [1m[36mSQL (0.1ms)[0m  [1mINSERT INTO "time_slots" ("start_time", "end_time", "created_at", "updated_at") VALUES (?, ?, ?, ?)[0m  [["start_time", "2000-01-01 09:00:00.000000"], ["end_time", "2000-01-01 10:00:00.000000"], ["created_at", "2015-06-10 13:29:54.039761"], ["updated_at", "2015-06-10 13:29:54.039761"]]
  [1m[35m (0.5ms)[0m  commit transaction
  [1m[36m (0.0ms)[0m  [1mbegin transaction[0m
  [1m[35mSQL (0.1ms)[0m  INSERT INTO "time_slots" ("start_time", "end_time", "created_at", "updated_at") VALUES (?, ?, ?, ?)  [["start_time", "2000-01-01 10:00:00.000000"], ["end_time", "2000-01-01 11:00:00.000000"], ["created_at", "2015-06-10 13:29:54.041295"], ["updated_at", "2015-06-10 13:29:54.041295"]]
  [1m[36m (0.5ms)[0m  [1mcommit transaction[0m
  [1m[35m (0.0ms)[0m  begin transaction
  [1m[36mSQL (0.1ms)[0m  [1mINSERT INTO "time_slots" ("start_time", "end_time", "created_at", "updated_at") VALUES (?, ?, ?, ?)[0m  [["start_time", "2000-01-01 11:00:00.000000"], ["end_time", "2000-01-01 12:00:00.000000"], ["created_at", "2015-06-10 13:29:54.042830"], ["updated_at", "2015-06-10 13:29:54.042830"]]
  [1m[35m (0.5ms)[0m  commit transaction
  [1m[36m (0.0ms)[0m  [1mbegin transaction[0m
  [1m[35mSQL (0.1ms)[0m  INSERT INTO "time_slots" ("start_time", "end_time", "created_at", "updated_at") VALUES (?, ?, ?, ?)  [["start_time", "2000-01-01 12:00:00.000000"], ["end_time", "2000-01-01 13:00:00.000000"], ["created_at", "2015-06-10 13:29:54.044346"], ["updated_at", "2015-06-10 13:29:54.044346"]]
  [1m[36m (0.5ms)[0m  [1mcommit transaction[0m
  [1m[35m (0.0ms)[0m  begin transaction
  [1m[36mSQL (0.1ms)[0m  [1mINSERT INTO "time_slots" ("start_time", "end_time", "created_at", "updated_at") VALUES (?, ?, ?, ?)[0m  [["start_time", "2000-01-01 13:00:00.000000"], ["end_time", "2000-01-01 14:00:00.000000"], ["created_at", "2015-06-10 13:29:54.045877"], ["updated_at", "2015-06-10 13:29:54.045877"]]
  [1m[35m (0.5ms)[0m  commit transaction
  [1m[36m (0.0ms)[0m  [1mbegin transaction[0m
  [1m[35mSQL (0.1ms)[0m  INSERT INTO "time_slots" ("start_time", "end_time", "created_at", "updated_at") VALUES (?, ?, ?, ?)  [["start_time", "2000-01-01 14:00:00.000000"], ["end_time", "2000-01-01 15:00:00.000000"], ["created_at", "2015-06-10 13:29:54.047427"], ["updated_at", "2015-06-10 13:29:54.047427"]]
  [1m[36m (0.5ms)[0m  [1mcommit transaction[0m
  [1m[35m (0.0ms)[0m  begin transaction
  [1m[36mSQL (0.2ms)[0m  [1mINSERT INTO "time_slots" ("start_time", "end_time", "created_at", "updated_at") VALUES (?, ?, ?, ?)[0m  [["start_time", "2000-01-01 15:00:00.000000"], ["end_time", "2000-01-01 16:00:00.000000"], ["created_at", "2015-06-10 13:29:54.048966"], ["updated_at", "2015-06-10 13:29:54.048966"]]
  [1m[35m (0.5ms)[0m  commit transaction
  [1m[36m (0.0ms)[0m  [1mbegin transaction[0m
  [1m[35mSQL (0.1ms)[0m  INSERT INTO "time_slots" ("start_time", "end_time", "created_at", "updated_at") VALUES (?, ?, ?, ?)  [["start_time", "2000-01-01 16:00:00.000000"], ["end_time", "2000-01-01 17:00:00.000000"], ["created_at", "2015-06-10 13:29:54.050679"], ["updated_at", "2015-06-10 13:29:54.050679"]]
  [1m[36m (0.5ms)[0m  [1mcommit transaction[0m
  [1m[35m (0.0ms)[0m  begin transaction
  [1m[36mSQL (0.1ms)[0m  [1mINSERT INTO "time_slots" ("start_time", "end_time", "created_at", "updated_at") VALUES (?, ?, ?, ?)[0m  [["start_time", "2000-01-01 17:00:00.000000"], ["end_time", "2000-01-01 18:00:00.000000"], ["created_at", "2015-06-10 13:29:54.052299"], ["updated_at", "2015-06-10 13:29:54.052299"]]
  [1m[35m (0.4ms)[0m  commit transaction
  [1m[36m (0.0ms)[0m  [1mbegin transaction[0m
  [1m[35mSQL (0.1ms)[0m  INSERT INTO "time_slots" ("start_time", "end_time", "created_at", "updated_at") VALUES (?, ?, ?, ?)  [["start_time", "2000-01-01 18:00:00.000000"], ["end_time", "2000-01-01 19:00:00.000000"], ["created_at", "2015-06-10 13:29:54.053829"], ["updated_at", "2015-06-10 13:29:54.053829"]]
  [1m[36m (0.5ms)[0m  [1mcommit transaction[0m
  [1m[35m (0.0ms)[0m  begin transaction
  [1m[36mSQL (0.1ms)[0m  [1mINSERT INTO "time_slots" ("start_time", "end_time", "created_at", "updated_at") VALUES (?, ?, ?, ?)[0m  [["start_time", "2000-01-01 19:00:00.000000"], ["end_time", "2000-01-01 20:00:00.000000"], ["created_at", "2015-06-10 13:29:54.055420"], ["updated_at", "2015-06-10 13:29:54.055420"]]
  [1m[35m (0.5ms)[0m  commit transaction
  [1m[36m (0.0ms)[0m  [1mbegin transaction[0m
  [1m[35mSQL (0.1ms)[0m  INSERT INTO "time_slots" ("start_time", "end_time", "created_at", "updated_at") VALUES (?, ?, ?, ?)  [["start_time", "2000-01-01 20:00:00.000000"], ["end_time", "2000-01-01 21:00:00.000000"], ["created_at", "2015-06-10 13:29:54.056991"], ["updated_at", "2015-06-10 13:29:54.056991"]]
  [1m[36m (0.5ms)[0m  [1mcommit transaction[0m
  [1m[35m (0.0ms)[0m  begin transaction
  [1m[36mSQL (0.1ms)[0m  [1mINSERT INTO "time_slots" ("start_time", "end_time", "created_at", "updated_at") VALUES (?, ?, ?, ?)[0m  [["start_time", "2000-01-01 21:00:00.000000"], ["end_time", "2000-01-01 22:00:00.000000"], ["created_at", "2015-06-10 13:29:54.058614"], ["updated_at", "2015-06-10 13:29:54.058614"]]
  [1m[35m (0.5ms)[0m  commit transaction
  [1m[36m (0.0ms)[0m  [1mbegin transaction[0m
  [1m[35mSQL (0.1ms)[0m  INSERT INTO "time_slots" ("start_time", "end_time", "created_at", "updated_at") VALUES (?, ?, ?, ?)  [["start_time", "2000-01-01 22:00:00.000000"], ["end_time", "2000-01-01 23:00:00.000000"], ["created_at", "2015-06-10 13:29:54.060204"], ["updated_at", "2015-06-10 13:29:54.060204"]]
  [1m[36m (0.5ms)[0m  [1mcommit transaction[0m
  [1m[35m (0.0ms)[0m  begin transaction
  [1m[36mUser Exists (0.1ms)[0m  [1mSELECT  1 AS one FROM "users" WHERE "users"."email" = 'none@gmail.com' LIMIT 1[0m
  [1m[35mSQL (0.3ms)[0m  INSERT INTO "users" ("email", "first_name", "last_name", "zip_code", "encrypted_password", "created_at", "updated_at") VALUES (?, ?, ?, ?, ?, ?, ?)  [["email", "none@gmail.com"], ["first_name", "Johnny"], ["last_name", "Mnemonic"], ["zip_code", "91789"], ["encrypted_password", "$2a$10$nUnfjmEV4aToAAl1goYLueUE2W3NPouuHaFd96xM1D11ykQ/GKzgq"], ["created_at", "2015-06-10 13:29:54.137774"], ["updated_at", "2015-06-10 13:29:54.137774"]]
  [1m[36mSQL (0.1ms)[0m  [1mINSERT INTO "profiles" ("user_id", "created_at", "updated_at") VALUES (?, ?, ?)[0m  [["user_id", 1], ["created_at", "2015-06-10 13:29:54.190141"], ["updated_at", "2015-06-10 13:29:54.190141"]]
  [1m[35m (0.6ms)[0m  commit transaction
  [1m[36m (0.0ms)[0m  [1mbegin transaction[0m
  [1m[35mUser Exists (0.1ms)[0m  SELECT  1 AS one FROM "users" WHERE "users"."email" = 'none5@none.com' LIMIT 1
  [1m[36mSQL (0.2ms)[0m  [1mINSERT INTO "users" ("email", "first_name", "last_name", "zip_code", "merchant_account_id", "encrypted_password", "created_at", "updated_at") VALUES (?, ?, ?, ?, ?, ?, ?, ?)[0m  [["email", "none5@none.com"], ["first_name", "Princess"], ["last_name", "Leya"], ["zip_code", "91789"], ["merchant_account_id", "princess_princess_instant_668nxqgs"], ["encrypted_password", "$2a$10$qUqvUg.J.LcRi/SOsn/MHOqyGvYKbadrdcuKyBjlWmhzZC0L/Ca9y"], ["created_at", "2015-06-10 13:29:54.247849"], ["updated_at", "2015-06-10 13:29:54.247849"]]
  [1m[35mSQL (0.1ms)[0m  INSERT INTO "profiles" ("user_id", "created_at", "updated_at") VALUES (?, ?, ?)  [["user_id", 2], ["created_at", "2015-06-10 13:29:54.248806"], ["updated_at", "2015-06-10 13:29:54.248806"]]
  [1m[36m (0.6ms)[0m  [1mcommit transaction[0m
  [1m[35m (0.0ms)[0m  begin transaction
  [1m[36mUser Exists (0.1ms)[0m  [1mSELECT  1 AS one FROM "users" WHERE "users"."email" = 'none4@none.com' LIMIT 1[0m
  [1m[35mSQL (0.1ms)[0m  INSERT INTO "users" ("email", "first_name", "last_name", "zip_code", "merchant_account_id", "encrypted_password", "created_at", "updated_at") VALUES (?, ?, ?, ?, ?, ?, ?, ?)  [["email", "none4@none.com"], ["first_name", "Han"], ["last_name", "Solo"], ["zip_code", "91789"], ["merchant_account_id", "han_han_instant_qwpznfhy"], ["encrypted_password", "$2a$10$BUq/ictG32LlxCVPc.jvJOi2.QpYY9h3F9947VpEIO31ZMJwu1pky"], ["created_at", "2015-06-10 13:29:54.305984"], ["updated_at", "2015-06-10 13:29:54.305984"]]
  [1m[36mSQL (0.1ms)[0m  [1mINSERT INTO "profiles" ("user_id", "created_at", "updated_at") VALUES (?, ?, ?)[0m  [["user_id", 3], ["created_at", "2015-06-10 13:29:54.306881"], ["updated_at", "2015-06-10 13:29:54.306881"]]
  [1m[35m (0.6ms)[0m  commit transaction
  [1m[36m (0.0ms)[0m  [1mbegin transaction[0m
  [1m[35mUser Exists (0.1ms)[0m  SELECT  1 AS one FROM "users" WHERE "users"."email" = 'none3@none.com' LIMIT 1
  [1m[36mSQL (0.1ms)[0m  [1mINSERT INTO "users" ("email", "first_name", "last_name", "zip_code", "merchant_account_id", "encrypted_password", "created_at", "updated_at") VALUES (?, ?, ?, ?, ?, ?, ?, ?)[0m  [["email", "none3@none.com"], ["first_name", "Luke"], ["last_name", "Skywalker"], ["zip_code", "91789"], ["merchant_account_id", "luke_luke_instant_rggxzxrg"], ["encrypted_password", "$2a$10$GhRCyNO.QcsuQLWZZFNGXutDLFpkNNjPKS1.e/rx7addyj7smBxHC"], ["created_at", "2015-06-10 13:29:54.363768"], ["updated_at", "2015-06-10 13:29:54.363768"]]
  [1m[35mSQL (0.1ms)[0m  INSERT INTO "profiles" ("user_id", "created_at", "updated_at") VALUES (?, ?, ?)  [["user_id", 4], ["created_at", "2015-06-10 13:29:54.364676"], ["updated_at", "2015-06-10 13:29:54.364676"]]
  [1m[36m (0.5ms)[0m  [1mcommit transaction[0m
  [1m[35m (0.0ms)[0m  begin transaction
  [1m[36mUser Exists (0.1ms)[0m  [1mSELECT  1 AS one FROM "users" WHERE "users"."email" = 'none2@none.com' LIMIT 1[0m
  [1m[35mSQL (0.1ms)[0m  INSERT INTO "users" ("email", "first_name", "last_name", "zip_code", "merchant_account_id", "encrypted_password", "created_at", "updated_at") VALUES (?, ?, ?, ?, ?, ?, ?, ?)  [["email", "none2@none.com"], ["first_name", "Palpatine"], ["last_name", "Cosinga"], ["zip_code", "91789"], ["merchant_account_id", "palpatine_palpatine_instant_8x9kyk88"], ["encrypted_password", "$2a$10$nfG3zBQkOyb5NpQzDPBbNeWZhlAp3sDbYDmHn5CJdCLDrUp35VOtS"], ["created_at", "2015-06-10 13:29:54.421754"], ["updated_at", "2015-06-10 13:29:54.421754"]]
  [1m[36mSQL (0.1ms)[0m  [1mINSERT INTO "profiles" ("user_id", "created_at", "updated_at") VALUES (?, ?, ?)[0m  [["user_id", 5], ["created_at", "2015-06-10 13:29:54.422656"], ["updated_at", "2015-06-10 13:29:54.422656"]]
  [1m[35m (1.6ms)[0m  commit transaction
  [1m[36m (0.0ms)[0m  [1mbegin transaction[0m
  [1m[35mUser Exists (0.1ms)[0m  SELECT  1 AS one FROM "users" WHERE "users"."email" = 'none@none.com' LIMIT 1
  [1m[36mSQL (0.1ms)[0m  [1mINSERT INTO "users" ("email", "first_name", "last_name", "zip_code", "merchant_account_id", "encrypted_password", "created_at", "updated_at") VALUES (?, ?, ?, ?, ?, ?, ?, ?)[0m  [["email", "none@none.com"], ["first_name", "Chewbacca"], ["last_name", "Wookiee"], ["zip_code", "91789"], ["merchant_account_id", "chewbacca_chewbacca_instant_h2g64qhy"], ["encrypted_password", "$2a$10$nWFwyf5y4lwPEaKDMfJ.pe.7FbmeD7Lht66ODYJN3aTv4uxDDrYMi"], ["created_at", "2015-06-10 13:29:54.480889"], ["updated_at", "2015-06-10 13:29:54.480889"]]
  [1m[35mSQL (0.1ms)[0m  INSERT INTO "profiles" ("user_id", "created_at", "updated_at") VALUES (?, ?, ?)  [["user_id", 6], ["created_at", "2015-06-10 13:29:54.481786"], ["updated_at", "2015-06-10 13:29:54.481786"]]
  [1m[36m (0.6ms)[0m  [1mcommit transaction[0m
  [1m[35m (0.0ms)[0m  begin transaction
  [1m[36mSQL (0.2ms)[0m  [1mINSERT INTO "transactions" ("user_id", "pay_to_mentor_id", "title", "amount", "created_at", "updated_at") VALUES (?, ?, ?, ?, ?, ?)[0m  [["user_id", 1], ["pay_to_mentor_id", 5], ["title", "Teach me how to run an Empire"], ["amount", 999], ["created_at", "2015-06-10 13:29:54.490441"], ["updated_at", "2015-06-10 13:29:54.490441"]]
  [1m[35m (0.6ms)[0m  commit transaction
  [1m[36m (0.0ms)[0m  [1mbegin transaction[0m
  [1m[35mSQL (0.2ms)[0m  INSERT INTO "transactions" ("user_id", "pay_to_mentor_id", "title", "amount", "state", "created_at", "updated_at") VALUES (?, ?, ?, ?, ?, ?, ?)  [["user_id", 1], ["pay_to_mentor_id", 6], ["title", "I want to Growl really loud"], ["amount", 15], ["state", "paid"], ["created_at", "2015-06-10 13:29:54.492372"], ["updated_at", "2015-06-10 13:29:54.492372"]]
  [1m[36m (0.4ms)[0m  [1mcommit transaction[0m
  [1m[35m (0.0ms)[0m  begin transaction
  [1m[36mSQL (0.1ms)[0m  [1mINSERT INTO "transactions" ("user_id", "pay_to_mentor_id", "title", "amount", "created_at", "updated_at") VALUES (?, ?, ?, ?, ?, ?)[0m  [["user_id", 1], ["pay_to_mentor_id", 4], ["title", "I want to Destroy a Death Star"], ["amount", 125], ["created_at", "2015-06-10 13:29:54.493981"], ["updated_at", "2015-06-10 13:29:54.493981"]]
  [1m[35m (0.4ms)[0m  commit transaction
  [1m[36m (0.0ms)[0m  [1mbegin transaction[0m
  [1m[35mSQL (0.2ms)[0m  INSERT INTO "transactions" ("user_id", "pay_to_mentor_id", "title", "amount", "created_at", "updated_at") VALUES (?, ?, ?, ?, ?, ?)  [["user_id", 1], ["pay_to_mentor_id", 3], ["title", "Teach me how to Exceed Speed of Light"], ["amount", 1250], ["created_at", "2015-06-10 13:29:54.495469"], ["updated_at", "2015-06-10 13:29:54.495469"]]
  [1m[36m (0.4ms)[0m  [1mcommit transaction[0m
  [1m[35m (0.0ms)[0m  begin transaction
  [1m[36mSQL (0.2ms)[0m  [1mINSERT INTO "transactions" ("user_id", "pay_to_mentor_id", "title", "amount", "state", "created_at", "updated_at") VALUES (?, ?, ?, ?, ?, ?, ?)[0m  [["user_id", 1], ["pay_to_mentor_id", 3], ["title", "Please teach me how to smuggle contraband"], ["amount", 100], ["state", "paid"], ["created_at", "2015-06-10 13:29:54.497094"], ["updated_at", "2015-06-10 13:29:54.497094"]]
  [1m[35m (0.4ms)[0m  commit transaction
  [1m[36m (0.0ms)[0m  [1mbegin transaction[0m
  [1m[35mSQL (0.2ms)[0m  INSERT INTO "transactions" ("user_id", "pay_to_mentor_id", "title", "amount", "created_at", "updated_at") VALUES (?, ?, ?, ?, ?, ?)  [["user_id", 1], ["pay_to_mentor_id", 2], ["title", "I want to have Royal Manners"], ["amount", 250], ["created_at", "2015-06-10 13:29:54.498967"], ["updated_at", "2015-06-10 13:29:54.498967"]]
  [1m[36m (0.5ms)[0m  [1mcommit transaction[0m
  [1m[35m (0.0ms)[0m  begin transaction
  [1m[36mSQL (0.2ms)[0m  [1mINSERT INTO "validations" ("name", "description", "created_at", "updated_at") VALUES (?, ?, ?, ?)[0m  [["name", "Verify Your Id"], ["description", "Lorem ipsome dolor sit amet"], ["created_at", "2015-06-10 13:29:54.505892"], ["updated_at", "2015-06-10 13:29:54.505892"]]
  [1m[35m (0.5ms)[0m  commit transaction
  [1m[36m (0.0ms)[0m  [1mbegin transaction[0m
  [1m[35mSQL (0.2ms)[0m  INSERT INTO "validations" ("name", "description", "value_label", "created_at", "updated_at") VALUES (?, ?, ?, ?, ?)  [["name", "Email Address"], ["description", "Lorem ipsome dolor sit amet"], ["value_label", "Email"], ["created_at", "2015-06-10 13:29:54.507708"], ["updated_at", "2015-06-10 13:29:54.507708"]]
  [1m[36m (0.5ms)[0m  [1mcommit transaction[0m
  [1m[35m (0.0ms)[0m  begin transaction
  [1m[36mSQL (0.1ms)[0m  [1mINSERT INTO "validations" ("name", "description", "value_label", "created_at", "updated_at") VALUES (?, ?, ?, ?, ?)[0m  [["name", "Phone Number"], ["description", "Lorem ipsome dolor sit amet"], ["value_label", "Phone"], ["created_at", "2015-06-10 13:29:54.509170"], ["updated_at", "2015-06-10 13:29:54.509170"]]
  [1m[35m (0.4ms)[0m  commit transaction
  [1m[36m (0.0ms)[0m  [1mbegin transaction[0m
  [1m[35mSQL (0.1ms)[0m  INSERT INTO "validations" ("name", "description", "value_label", "created_at", "updated_at") VALUES (?, ?, ?, ?, ?)  [["name", "Facebook"], ["description", "Lorem ipsome dolor sit amet"], ["value_label", "URL"], ["created_at", "2015-06-10 13:29:54.510418"], ["updated_at", "2015-06-10 13:29:54.510418"]]
  [1m[36m (0.4ms)[0m  [1mcommit transaction[0m
  [1m[35m (0.0ms)[0m  begin transaction
  [1m[36mSQL (0.1ms)[0m  [1mINSERT INTO "validations" ("name", "description", "value_label", "created_at", "updated_at") VALUES (?, ?, ?, ?, ?)[0m  [["name", "LinkedIn"], ["description", "Lorem ipsome dolor sit amet"], ["value_label", "URL"], ["created_at", "2015-06-10 13:29:54.511667"], ["updated_at", "2015-06-10 13:29:54.511667"]]
  [1m[35m (0.4ms)[0m  commit transaction


Started GET "/payment/index" for ::1 at 2015-06-10 09:30:12 -0400
  [1m[36mActiveRecord::SchemaMigration Load (0.1ms)[0m  [1mSELECT "schema_migrations".* FROM "schema_migrations"[0m
Processing by AccountsController#index as HTML
Completed 401 Unauthorized in 20ms (ActiveRecord: 0.0ms)


Started GET "/users/sign_in" for ::1 at 2015-06-10 09:30:12 -0400
Processing by Devise::SessionsController#new as HTML
  Rendered devise/shared/_links.html.erb (1.1ms)
  Rendered devise/sessions/new.html.erb within layouts/application (17.1ms)
  Rendered _shared/global_partials/_header_nav.erb (8.1ms)
Completed 200 OK in 6624ms (Views: 6608.0ms | ActiveRecord: 0.4ms)


Started POST "/users/sign_in" for ::1 at 2015-06-10 09:30:21 -0400
Processing by Devise::SessionsController#create as HTML
  Parameters: {"utf8"=>"✓", "authenticity_token"=>"GahJgQPybP1Gaw7NYhpf4JPMMzYfzeg6c54qaXKorc6oUntGgfRlNW47RekKQ3qBsJKRagynDIwD0Pk9HGDREA==", "user"=>{"email"=>"none@gmail.com", "password"=>"[FILTERED]", "remember_me"=>"0"}, "commit"=>"Sign In"}
  [1m[35mUser Load (0.3ms)[0m  SELECT  "users".* FROM "users" WHERE "users"."email" = ?  ORDER BY "users"."id" ASC LIMIT 1  [["email", "none@gmail.com"]]
  [1m[36m (0.1ms)[0m  [1mbegin transaction[0m
  [1m[35mSQL (0.4ms)[0m  UPDATE "users" SET "last_sign_in_at" = ?, "current_sign_in_at" = ?, "last_sign_in_ip" = ?, "current_sign_in_ip" = ?, "sign_in_count" = ?, "updated_at" = ? WHERE "users"."id" = ?  [["last_sign_in_at", "2015-06-10 13:30:21.323872"], ["current_sign_in_at", "2015-06-10 13:30:21.323872"], ["last_sign_in_ip", "::1"], ["current_sign_in_ip", "::1"], ["sign_in_count", 1], ["updated_at", "2015-06-10 13:30:21.325056"], ["id", 1]]
  [1m[36m (0.4ms)[0m  [1mcommit transaction[0m
  [1m[35mProfile Load (0.1ms)[0m  SELECT  "profiles".* FROM "profiles" WHERE "profiles"."user_id" = ? LIMIT 1  [["user_id", 1]]
  [1m[36mSkill Exists (0.1ms)[0m  [1mSELECT  1 AS one FROM "skills" WHERE "skills"."profile_id" = ? LIMIT 1[0m  [["profile_id", 1]]
Redirected to http://localhost:3000/payment/index
Completed 302 Found in 179ms (ActiveRecord: 1.7ms)


Started GET "/payment/index" for ::1 at 2015-06-10 09:30:21 -0400
Processing by AccountsController#index as HTML
  [1m[35mUser Load (0.2ms)[0m  SELECT  "users".* FROM "users" WHERE "users"."id" = ?  ORDER BY "users"."id" ASC LIMIT 1  [["id", 1]]
  [1m[36mProfile Load (0.1ms)[0m  [1mSELECT  "profiles".* FROM "profiles" WHERE "profiles"."user_id" = ? LIMIT 1[0m  [["user_id", 1]]
  [1m[35mSkill Exists (0.1ms)[0m  SELECT  1 AS one FROM "skills" WHERE "skills"."profile_id" = ? LIMIT 1  [["profile_id", 1]]
  [1m[36mUser Load (0.2ms)[0m  [1mSELECT "users".* FROM "users" WHERE (users.merchant_account_id IS NOT NULL)[0m
  Rendered accounts/index.html.erb within layouts/application (2.8ms)
  Rendered _shared/global_partials/_header_nav.erb (13.7ms)
Completed 200 OK in 1491ms (Views: 167.6ms | ActiveRecord: 0.5ms)


Started GET "/transaction/index" for ::1 at 2015-06-10 09:31:54 -0400
Processing by TransactionsController#index as HTML
  [1m[35mUser Load (0.1ms)[0m  SELECT  "users".* FROM "users" WHERE "users"."id" = ?  ORDER BY "users"."id" ASC LIMIT 1  [["id", 1]]
  [1m[36mProfile Load (0.1ms)[0m  [1mSELECT  "profiles".* FROM "profiles" WHERE "profiles"."user_id" = ? LIMIT 1[0m  [["user_id", 1]]
  [1m[35mSkill Exists (0.1ms)[0m  SELECT  1 AS one FROM "skills" WHERE "skills"."profile_id" = ? LIMIT 1  [["profile_id", 1]]
  [1m[36mTransaction Load (0.2ms)[0m  [1mSELECT "transactions".* FROM "transactions" WHERE "transactions"."user_id" = ?[0m  [["user_id", 1]]
  [1m[35mUser Load (0.1ms)[0m  SELECT  "users".* FROM "users" WHERE "users"."id" = ? LIMIT 1  [["id", 5]]
  [1m[36mUser Load (0.1ms)[0m  [1mSELECT  "users".* FROM "users" WHERE "users"."id" = ? LIMIT 1[0m  [["id", 6]]
  [1m[35mUser Load (0.1ms)[0m  SELECT  "users".* FROM "users" WHERE "users"."id" = ? LIMIT 1  [["id", 4]]
  [1m[36mUser Load (0.1ms)[0m  [1mSELECT  "users".* FROM "users" WHERE "users"."id" = ? LIMIT 1[0m  [["id", 3]]
  [1m[35mCACHE (0.0ms)[0m  SELECT  "users".* FROM "users" WHERE "users"."id" = ? LIMIT 1  [["id", 3]]
  [1m[36mUser Load (0.1ms)[0m  [1mSELECT  "users".* FROM "users" WHERE "users"."id" = ? LIMIT 1[0m  [["id", 2]]
  Rendered transactions/index.html.erb within layouts/application (2.7ms)
  Rendered _shared/global_partials/_header_nav.erb (3.5ms)
Completed 200 OK in 166ms (Views: 153.2ms | ActiveRecord: 0.9ms)


Started GET "/payment/index_mentor" for ::1 at 2015-06-10 09:32:24 -0400
Processing by AccountsController#index_mentor as HTML
  [1m[35mUser Load (0.1ms)[0m  SELECT  "users".* FROM "users" WHERE "users"."id" = ?  ORDER BY "users"."id" ASC LIMIT 1  [["id", 1]]
  [1m[36mProfile Load (0.1ms)[0m  [1mSELECT  "profiles".* FROM "profiles" WHERE "profiles"."user_id" = ? LIMIT 1[0m  [["user_id", 1]]
  [1m[35mSkill Exists (0.1ms)[0m  SELECT  1 AS one FROM "skills" WHERE "skills"."profile_id" = ? LIMIT 1  [["profile_id", 1]]
  Rendered accounts/index_mentor.html.erb within layouts/application (1.4ms)
  Rendered _shared/global_partials/_header_nav.erb (3.1ms)
Completed 200 OK in 107ms (Views: 103.6ms | ActiveRecord: 0.2ms)


Started GET "/payment/index" for ::1 at 2015-06-10 15:04:06 -0400
  [1m[36mActiveRecord::SchemaMigration Load (0.1ms)[0m  [1mSELECT "schema_migrations".* FROM "schema_migrations"[0m
Processing by AccountsController#index as HTML
  [1m[35mUser Load (0.1ms)[0m  SELECT  "users".* FROM "users" WHERE "users"."id" = ?  ORDER BY "users"."id" ASC LIMIT 1  [["id", 1]]
  [1m[36mProfile Load (0.1ms)[0m  [1mSELECT  "profiles".* FROM "profiles" WHERE "profiles"."user_id" = ? LIMIT 1[0m  [["user_id", 1]]
  [1m[35mSkill Exists (0.1ms)[0m  SELECT  1 AS one FROM "skills" WHERE "skills"."profile_id" = ? LIMIT 1  [["profile_id", 1]]
  [1m[36mUser Load (0.2ms)[0m  [1mSELECT "users".* FROM "users" WHERE (users.merchant_account_id IS NOT NULL)[0m
  Rendered accounts/index.html.erb within layouts/application (6.3ms)
  Rendered _shared/global_partials/_header_nav.erb (4.7ms)
Completed 200 OK in 4895ms (Views: 3127.3ms | ActiveRecord: 1.4ms)


Started GET "/assets/application.self-38d63837ce1f8c032916d7a811b976a49f07e240392349c68189d860a84fc09c.css?body=1" for ::1 at 2015-06-10 15:04:11 -0400


Started GET "/payment/index_mentor" for ::1 at 2015-06-10 15:04:21 -0400
Processing by AccountsController#index_mentor as HTML
  [1m[35mUser Load (0.1ms)[0m  SELECT  "users".* FROM "users" WHERE "users"."id" = ?  ORDER BY "users"."id" ASC LIMIT 1  [["id", 1]]
  [1m[36mProfile Load (0.1ms)[0m  [1mSELECT  "profiles".* FROM "profiles" WHERE "profiles"."user_id" = ? LIMIT 1[0m  [["user_id", 1]]
  [1m[35mSkill Exists (0.1ms)[0m  SELECT  1 AS one FROM "skills" WHERE "skills"."profile_id" = ? LIMIT 1  [["profile_id", 1]]
  Rendered accounts/index_mentor.html.erb within layouts/application (2.4ms)
  Rendered _shared/global_partials/_header_nav.erb (3.4ms)
Completed 200 OK in 112ms (Views: 109.2ms | ActiveRecord: 0.2ms)


Started GET "/payment/index_mentor" for ::1 at 2015-06-10 15:11:40 -0400
Processing by AccountsController#index_mentor as HTML
  [1m[36mUser Load (0.1ms)[0m  [1mSELECT  "users".* FROM "users" WHERE "users"."id" = ?  ORDER BY "users"."id" ASC LIMIT 1[0m  [["id", 1]]
  [1m[35mProfile Load (0.1ms)[0m  SELECT  "profiles".* FROM "profiles" WHERE "profiles"."user_id" = ? LIMIT 1  [["user_id", 1]]
  [1m[36mSkill Exists (0.1ms)[0m  [1mSELECT  1 AS one FROM "skills" WHERE "skills"."profile_id" = ? LIMIT 1[0m  [["profile_id", 1]]
  Rendered accounts/index_mentor.html.erb within layouts/application (1.5ms)
  Rendered _shared/global_partials/_header_nav.erb (3.0ms)
Completed 200 OK in 163ms (Views: 160.5ms | ActiveRecord: 0.2ms)


Started GET "/assets/application.self-38d63837ce1f8c032916d7a811b976a49f07e240392349c68189d860a84fc09c.css?body=1" for ::1 at 2015-06-10 15:11:40 -0400


Started GET "/assets/jquery.self-d03a5518f45df77341bdbe6201ba3bfa547ebba8ed64f0ea56bfa5f96ea7c074.js?body=1" for ::1 at 2015-06-10 15:11:40 -0400


Started GET "/assets/bootstrap/alert.self-a29e91e8cd3ddaba9bbc466901d53ec2127e9256b9b941905d525a3a716bd1a5.js?body=1" for ::1 at 2015-06-10 15:11:40 -0400


Started GET "/assets/jquery_ujs.self-8e98a7a072a6cee1372d19fff9ff3e6aa1e39a37d89d6f06861637d061113ee7.js?body=1" for ::1 at 2015-06-10 15:11:40 -0400


Started GET "/assets/bootstrap/affix.self-d2b642d8fbfc1d7041e2edefd66683ada567a980789dcd6f94fddda0b33408b5.js?body=1" for ::1 at 2015-06-10 15:11:40 -0400


Started GET "/assets/bootstrap/button.self-a6cb16785434acb365ae426aef9f1fce05ed553cae7a965e4471c3da71509175.js?body=1" for ::1 at 2015-06-10 15:11:40 -0400


Started GET "/assets/bootstrap/carousel.self-57eb8422043cf0a85b7a9dc6843916eb0a3e35b419c7798a5eb254b918997631.js?body=1" for ::1 at 2015-06-10 15:11:40 -0400


Started GET "/assets/bootstrap/collapse.self-7dc8bfbc2fbfabd2bad62c58ff8ffeaf8f20fb87c7ca6cd35f06d4dc19632587.js?body=1" for ::1 at 2015-06-10 15:11:40 -0400


Started GET "/assets/bootstrap/dropdown.self-9314126777c6be5443e37ea7f7967d7914d72b3e60449ba50edc967446373059.js?body=1" for ::1 at 2015-06-10 15:11:40 -0400


Started GET "/assets/bootstrap/tab.self-122235057fbd4c6c7da377d59dc58f47b44cb1088a2e38e6ee6ce9d8ac29a26a.js?body=1" for ::1 at 2015-06-10 15:11:40 -0400


Started GET "/assets/bootstrap/transition.self-09ff30b1e8a93d1f7728b9855f55d9c9d8d5734c8861e0d8139994e50944572a.js?body=1" for ::1 at 2015-06-10 15:11:40 -0400


Started GET "/assets/bootstrap/scrollspy.self-a155b9d4b2f978905f0326c0f6635e1134fe91c6bfbfcbad079fa24a9fef2b0e.js?body=1" for ::1 at 2015-06-10 15:11:40 -0400


Started GET "/assets/bootstrap/modal.self-72f95ffa1071297725a9ac91989693d56d1abf23f441a47455073b0da2857a5b.js?body=1" for ::1 at 2015-06-10 15:11:40 -0400


Started GET "/assets/bootstrap/tooltip.self-11cf547be953f25f511cec668f6690473fd97b2f65502e4032f4030999a3f0c3.js?body=1" for ::1 at 2015-06-10 15:11:40 -0400


Started GET "/assets/bootstrap/popover.self-77d8e3a2499c1104ef146396a68b82469ee2bdb365199b874694698d10405e9a.js?body=1" for ::1 at 2015-06-10 15:11:40 -0400


Started GET "/assets/bootstrap-sprockets.self-fbfa5ad7d9aa0afe439ec4ff3883acc4cb92b62cb67c40d674320c9aa1d4642d.js?body=1" for ::1 at 2015-06-10 15:11:40 -0400


Started GET "/assets/braintree.self-3e2b0372285b4ed36b84982e94fd68c4b76ce65a5eac68a2b98842211ba3b8c6.js?body=1" for ::1 at 2015-06-10 15:11:40 -0400


Started GET "/assets/accounts.self-877aef30ae1b040ab8a3aba4e3e309a11d7f2612f44dde450b5c157aa5f95c05.js?body=1" for ::1 at 2015-06-10 15:11:40 -0400


Started GET "/assets/availability.self-877aef30ae1b040ab8a3aba4e3e309a11d7f2612f44dde450b5c157aa5f95c05.js?body=1" for ::1 at 2015-06-10 15:11:40 -0400


Started GET "/assets/bookings.self-877aef30ae1b040ab8a3aba4e3e309a11d7f2612f44dde450b5c157aa5f95c05.js?body=1" for ::1 at 2015-06-10 15:11:40 -0400


Started GET "/assets/bootstrap.self-fdc98dee79ee88255e10cac6caa91338165cb76cf0d263744d8d90011fc2ef8f.js?body=1" for ::1 at 2015-06-10 15:11:40 -0400


Started GET "/assets/categories.self-877aef30ae1b040ab8a3aba4e3e309a11d7f2612f44dde450b5c157aa5f95c05.js?body=1" for ::1 at 2015-06-10 15:11:40 -0400


Started GET "/assets/dashboard.self-877aef30ae1b040ab8a3aba4e3e309a11d7f2612f44dde450b5c157aa5f95c05.js?body=1" for ::1 at 2015-06-10 15:11:40 -0400


Started GET "/assets/pages.self-877aef30ae1b040ab8a3aba4e3e309a11d7f2612f44dde450b5c157aa5f95c05.js?body=1" for ::1 at 2015-06-10 15:11:40 -0400


Started GET "/assets/photos.self-877aef30ae1b040ab8a3aba4e3e309a11d7f2612f44dde450b5c157aa5f95c05.js?body=1" for ::1 at 2015-06-10 15:11:40 -0400


Started GET "/assets/profiles.self-877aef30ae1b040ab8a3aba4e3e309a11d7f2612f44dde450b5c157aa5f95c05.js?body=1" for ::1 at 2015-06-10 15:11:40 -0400


Started GET "/assets/sign-up.self-682684b51e8c269db550a3197a7c4cbb3dcab456716537ef93bffc4d272ce7f5.js?body=1" for ::1 at 2015-06-10 15:11:40 -0400


Started GET "/assets/sign_up.self-877aef30ae1b040ab8a3aba4e3e309a11d7f2612f44dde450b5c157aa5f95c05.js?body=1" for ::1 at 2015-06-10 15:11:40 -0400


Started GET "/assets/skills.self-877aef30ae1b040ab8a3aba4e3e309a11d7f2612f44dde450b5c157aa5f95c05.js?body=1" for ::1 at 2015-06-10 15:11:40 -0400


Started GET "/assets/transactions.self-877aef30ae1b040ab8a3aba4e3e309a11d7f2612f44dde450b5c157aa5f95c05.js?body=1" for ::1 at 2015-06-10 15:11:40 -0400


Started GET "/assets/verifications.self-877aef30ae1b040ab8a3aba4e3e309a11d7f2612f44dde450b5c157aa5f95c05.js?body=1" for ::1 at 2015-06-10 15:11:40 -0400


Started GET "/assets/application.self-f8806224e027f3e3f0138ea9ce99319e298dfdb323304d1f1be6eae8e8c74724.js?body=1" for ::1 at 2015-06-10 15:11:40 -0400


Started GET "/assets/logo@2x-3c2a98327372061a2be2794a15a247a5aa82afac6fd15e478420599af909508b.png" for ::1 at 2015-06-10 15:11:40 -0400


Started GET "/assets/icons/icon-chat-760244f3dda96f231f498429b8a4bacf406c26cfa033b97bcb852779bf45b3e5.svg" for ::1 at 2015-06-10 15:11:40 -0400


Started GET "/assets/avatar/avatar-a50b2c845338a3e418f7c274188c3732e099561c287a11465588db6a32af13e8.png" for ::1 at 2015-06-10 15:11:40 -0400


Started GET "/payment/index_mentor" for ::1 at 2015-06-10 15:11:43 -0400
Processing by AccountsController#index_mentor as HTML
  [1m[35mUser Load (0.1ms)[0m  SELECT  "users".* FROM "users" WHERE "users"."id" = ?  ORDER BY "users"."id" ASC LIMIT 1  [["id", 1]]
  [1m[36mProfile Load (0.1ms)[0m  [1mSELECT  "profiles".* FROM "profiles" WHERE "profiles"."user_id" = ? LIMIT 1[0m  [["user_id", 1]]
  [1m[35mSkill Exists (0.1ms)[0m  SELECT  1 AS one FROM "skills" WHERE "skills"."profile_id" = ? LIMIT 1  [["profile_id", 1]]
  Rendered accounts/index_mentor.html.erb within layouts/application (0.8ms)
  Rendered _shared/global_partials/_header_nav.erb (2.9ms)
Completed 200 OK in 165ms (Views: 161.8ms | ActiveRecord: 0.2ms)


Started GET "/assets/jquery_ujs.self-8e98a7a072a6cee1372d19fff9ff3e6aa1e39a37d89d6f06861637d061113ee7.js?body=1" for ::1 at 2015-06-10 15:11:43 -0400


Started GET "/assets/application.self-38d63837ce1f8c032916d7a811b976a49f07e240392349c68189d860a84fc09c.css?body=1" for ::1 at 2015-06-10 15:11:43 -0400


Started GET "/assets/jquery.self-d03a5518f45df77341bdbe6201ba3bfa547ebba8ed64f0ea56bfa5f96ea7c074.js?body=1" for ::1 at 2015-06-10 15:11:43 -0400


Started GET "/assets/bootstrap/alert.self-a29e91e8cd3ddaba9bbc466901d53ec2127e9256b9b941905d525a3a716bd1a5.js?body=1" for ::1 at 2015-06-10 15:11:43 -0400


Started GET "/assets/bootstrap/affix.self-d2b642d8fbfc1d7041e2edefd66683ada567a980789dcd6f94fddda0b33408b5.js?body=1" for ::1 at 2015-06-10 15:11:43 -0400


Started GET "/assets/bootstrap/button.self-a6cb16785434acb365ae426aef9f1fce05ed553cae7a965e4471c3da71509175.js?body=1" for ::1 at 2015-06-10 15:11:43 -0400


Started GET "/assets/bootstrap/carousel.self-57eb8422043cf0a85b7a9dc6843916eb0a3e35b419c7798a5eb254b918997631.js?body=1" for ::1 at 2015-06-10 15:11:43 -0400


Started GET "/assets/bootstrap/collapse.self-7dc8bfbc2fbfabd2bad62c58ff8ffeaf8f20fb87c7ca6cd35f06d4dc19632587.js?body=1" for ::1 at 2015-06-10 15:11:43 -0400


Started GET "/assets/bootstrap/dropdown.self-9314126777c6be5443e37ea7f7967d7914d72b3e60449ba50edc967446373059.js?body=1" for ::1 at 2015-06-10 15:11:43 -0400


Started GET "/assets/bootstrap/tab.self-122235057fbd4c6c7da377d59dc58f47b44cb1088a2e38e6ee6ce9d8ac29a26a.js?body=1" for ::1 at 2015-06-10 15:11:43 -0400


Started GET "/assets/bootstrap/transition.self-09ff30b1e8a93d1f7728b9855f55d9c9d8d5734c8861e0d8139994e50944572a.js?body=1" for ::1 at 2015-06-10 15:11:43 -0400


Started GET "/assets/bootstrap/scrollspy.self-a155b9d4b2f978905f0326c0f6635e1134fe91c6bfbfcbad079fa24a9fef2b0e.js?body=1" for ::1 at 2015-06-10 15:11:43 -0400


Started GET "/assets/bootstrap/modal.self-72f95ffa1071297725a9ac91989693d56d1abf23f441a47455073b0da2857a5b.js?body=1" for ::1 at 2015-06-10 15:11:43 -0400


Started GET "/assets/bootstrap/tooltip.self-11cf547be953f25f511cec668f6690473fd97b2f65502e4032f4030999a3f0c3.js?body=1" for ::1 at 2015-06-10 15:11:43 -0400


Started GET "/assets/bootstrap/popover.self-77d8e3a2499c1104ef146396a68b82469ee2bdb365199b874694698d10405e9a.js?body=1" for ::1 at 2015-06-10 15:11:43 -0400


Started GET "/assets/bootstrap-sprockets.self-fbfa5ad7d9aa0afe439ec4ff3883acc4cb92b62cb67c40d674320c9aa1d4642d.js?body=1" for ::1 at 2015-06-10 15:11:43 -0400


Started GET "/assets/braintree.self-3e2b0372285b4ed36b84982e94fd68c4b76ce65a5eac68a2b98842211ba3b8c6.js?body=1" for ::1 at 2015-06-10 15:11:43 -0400


Started GET "/assets/accounts.self-877aef30ae1b040ab8a3aba4e3e309a11d7f2612f44dde450b5c157aa5f95c05.js?body=1" for ::1 at 2015-06-10 15:11:43 -0400


Started GET "/assets/availability.self-877aef30ae1b040ab8a3aba4e3e309a11d7f2612f44dde450b5c157aa5f95c05.js?body=1" for ::1 at 2015-06-10 15:11:43 -0400


Started GET "/assets/bookings.self-877aef30ae1b040ab8a3aba4e3e309a11d7f2612f44dde450b5c157aa5f95c05.js?body=1" for ::1 at 2015-06-10 15:11:43 -0400


Started GET "/assets/bootstrap.self-fdc98dee79ee88255e10cac6caa91338165cb76cf0d263744d8d90011fc2ef8f.js?body=1" for ::1 at 2015-06-10 15:11:43 -0400


Started GET "/assets/categories.self-877aef30ae1b040ab8a3aba4e3e309a11d7f2612f44dde450b5c157aa5f95c05.js?body=1" for ::1 at 2015-06-10 15:11:43 -0400


Started GET "/assets/dashboard.self-877aef30ae1b040ab8a3aba4e3e309a11d7f2612f44dde450b5c157aa5f95c05.js?body=1" for ::1 at 2015-06-10 15:11:43 -0400


Started GET "/assets/pages.self-877aef30ae1b040ab8a3aba4e3e309a11d7f2612f44dde450b5c157aa5f95c05.js?body=1" for ::1 at 2015-06-10 15:11:43 -0400


Started GET "/assets/photos.self-877aef30ae1b040ab8a3aba4e3e309a11d7f2612f44dde450b5c157aa5f95c05.js?body=1" for ::1 at 2015-06-10 15:11:43 -0400


Started GET "/assets/profiles.self-877aef30ae1b040ab8a3aba4e3e309a11d7f2612f44dde450b5c157aa5f95c05.js?body=1" for ::1 at 2015-06-10 15:11:43 -0400


Started GET "/assets/sign-up.self-682684b51e8c269db550a3197a7c4cbb3dcab456716537ef93bffc4d272ce7f5.js?body=1" for ::1 at 2015-06-10 15:11:43 -0400


Started GET "/assets/sign_up.self-877aef30ae1b040ab8a3aba4e3e309a11d7f2612f44dde450b5c157aa5f95c05.js?body=1" for ::1 at 2015-06-10 15:11:43 -0400


Started GET "/assets/skills.self-877aef30ae1b040ab8a3aba4e3e309a11d7f2612f44dde450b5c157aa5f95c05.js?body=1" for ::1 at 2015-06-10 15:11:43 -0400


Started GET "/assets/transactions.self-877aef30ae1b040ab8a3aba4e3e309a11d7f2612f44dde450b5c157aa5f95c05.js?body=1" for ::1 at 2015-06-10 15:11:43 -0400


Started GET "/assets/verifications.self-877aef30ae1b040ab8a3aba4e3e309a11d7f2612f44dde450b5c157aa5f95c05.js?body=1" for ::1 at 2015-06-10 15:11:43 -0400


Started GET "/assets/application.self-f8806224e027f3e3f0138ea9ce99319e298dfdb323304d1f1be6eae8e8c74724.js?body=1" for ::1 at 2015-06-10 15:11:43 -0400


Started GET "/assets/logo@2x-3c2a98327372061a2be2794a15a247a5aa82afac6fd15e478420599af909508b.png" for ::1 at 2015-06-10 15:11:43 -0400


Started GET "/assets/icons/icon-chat-760244f3dda96f231f498429b8a4bacf406c26cfa033b97bcb852779bf45b3e5.svg" for ::1 at 2015-06-10 15:11:43 -0400


Started GET "/assets/avatar/avatar-a50b2c845338a3e418f7c274188c3732e099561c287a11465588db6a32af13e8.png" for ::1 at 2015-06-10 15:11:43 -0400


Started GET "/payment/index" for ::1 at 2015-06-10 15:26:27 -0400
Processing by AccountsController#index as HTML
  [1m[36mUser Load (0.1ms)[0m  [1mSELECT  "users".* FROM "users" WHERE "users"."id" = ?  ORDER BY "users"."id" ASC LIMIT 1[0m  [["id", 1]]
  [1m[35mProfile Load (0.1ms)[0m  SELECT  "profiles".* FROM "profiles" WHERE "profiles"."user_id" = ? LIMIT 1  [["user_id", 1]]
  [1m[36mSkill Exists (0.1ms)[0m  [1mSELECT  1 AS one FROM "skills" WHERE "skills"."profile_id" = ? LIMIT 1[0m  [["profile_id", 1]]
  [1m[35mUser Load (0.2ms)[0m  SELECT "users".* FROM "users" WHERE (users.merchant_account_id IS NOT NULL)
  Rendered accounts/index.html.erb within layouts/application (0.7ms)
  Rendered _shared/global_partials/_header_nav.erb (3.4ms)
Completed 200 OK in 1303ms (Views: 104.7ms | ActiveRecord: 0.4ms)


Started GET "/payment/transaction_result" for ::1 at 2015-06-10 15:26:30 -0400
Processing by AccountsController#transaction_result as HTML
  [1m[36mUser Load (0.1ms)[0m  [1mSELECT  "users".* FROM "users" WHERE "users"."id" = ?  ORDER BY "users"."id" ASC LIMIT 1[0m  [["id", 1]]
  [1m[35mProfile Load (0.1ms)[0m  SELECT  "profiles".* FROM "profiles" WHERE "profiles"."user_id" = ? LIMIT 1  [["user_id", 1]]
  [1m[36mSkill Exists (0.1ms)[0m  [1mSELECT  1 AS one FROM "skills" WHERE "skills"."profile_id" = ? LIMIT 1[0m  [["profile_id", 1]]
  Rendered accounts/transaction_result.html.erb within layouts/application (0.3ms)
  Rendered _shared/global_partials/_header_nav.erb (3.3ms)
Completed 200 OK in 169ms (Views: 166.5ms | ActiveRecord: 0.2ms)


Started GET "/transaction/index" for ::1 at 2015-06-10 15:26:49 -0400
Processing by TransactionsController#index as HTML
  [1m[35mUser Load (0.1ms)[0m  SELECT  "users".* FROM "users" WHERE "users"."id" = ?  ORDER BY "users"."id" ASC LIMIT 1  [["id", 1]]
  [1m[36mProfile Load (0.1ms)[0m  [1mSELECT  "profiles".* FROM "profiles" WHERE "profiles"."user_id" = ? LIMIT 1[0m  [["user_id", 1]]
  [1m[35mSkill Exists (0.1ms)[0m  SELECT  1 AS one FROM "skills" WHERE "skills"."profile_id" = ? LIMIT 1  [["profile_id", 1]]
  [1m[36mTransaction Load (0.2ms)[0m  [1mSELECT "transactions".* FROM "transactions" WHERE "transactions"."user_id" = ?[0m  [["user_id", 1]]
  [1m[35mUser Load (0.1ms)[0m  SELECT  "users".* FROM "users" WHERE "users"."id" = ? LIMIT 1  [["id", 5]]
  [1m[36mUser Load (0.1ms)[0m  [1mSELECT  "users".* FROM "users" WHERE "users"."id" = ? LIMIT 1[0m  [["id", 6]]
  [1m[35mUser Load (0.1ms)[0m  SELECT  "users".* FROM "users" WHERE "users"."id" = ? LIMIT 1  [["id", 4]]
  [1m[36mUser Load (0.1ms)[0m  [1mSELECT  "users".* FROM "users" WHERE "users"."id" = ? LIMIT 1[0m  [["id", 3]]
  [1m[35mCACHE (0.0ms)[0m  SELECT  "users".* FROM "users" WHERE "users"."id" = ? LIMIT 1  [["id", 3]]
  [1m[36mUser Load (0.1ms)[0m  [1mSELECT  "users".* FROM "users" WHERE "users"."id" = ? LIMIT 1[0m  [["id", 2]]
  Rendered transactions/index.html.erb within layouts/application (3.1ms)
  Rendered _shared/global_partials/_header_nav.erb (3.1ms)
Completed 200 OK in 116ms (Views: 102.9ms | ActiveRecord: 0.9ms)


Started GET "/transaction/index" for ::1 at 2015-06-10 15:40:53 -0400
Processing by TransactionsController#index as HTML
  [1m[35mUser Load (0.2ms)[0m  SELECT  "users".* FROM "users" WHERE "users"."id" = ?  ORDER BY "users"."id" ASC LIMIT 1  [["id", 1]]
  [1m[36mProfile Load (0.1ms)[0m  [1mSELECT  "profiles".* FROM "profiles" WHERE "profiles"."user_id" = ? LIMIT 1[0m  [["user_id", 1]]
  [1m[35mSkill Exists (0.1ms)[0m  SELECT  1 AS one FROM "skills" WHERE "skills"."profile_id" = ? LIMIT 1  [["profile_id", 1]]
  [1m[36mTransaction Load (0.1ms)[0m  [1mSELECT "transactions".* FROM "transactions" WHERE "transactions"."user_id" = ?[0m  [["user_id", 1]]
  [1m[35mUser Load (0.1ms)[0m  SELECT  "users".* FROM "users" WHERE "users"."id" = ? LIMIT 1  [["id", 5]]
  [1m[36mUser Load (0.1ms)[0m  [1mSELECT  "users".* FROM "users" WHERE "users"."id" = ? LIMIT 1[0m  [["id", 6]]
  [1m[35mUser Load (0.1ms)[0m  SELECT  "users".* FROM "users" WHERE "users"."id" = ? LIMIT 1  [["id", 4]]
  [1m[36mUser Load (0.1ms)[0m  [1mSELECT  "users".* FROM "users" WHERE "users"."id" = ? LIMIT 1[0m  [["id", 3]]
  [1m[35mCACHE (0.0ms)[0m  SELECT  "users".* FROM "users" WHERE "users"."id" = ? LIMIT 1  [["id", 3]]
  [1m[36mUser Load (0.1ms)[0m  [1mSELECT  "users".* FROM "users" WHERE "users"."id" = ? LIMIT 1[0m  [["id", 2]]
  Rendered transactions/index.html.erb within layouts/application (1.4ms)
  Rendered _shared/global_partials/_header_nav.erb (3.4ms)
Completed 200 OK in 191ms (Views: 183.7ms | ActiveRecord: 0.9ms)


Started GET "/assets/application.self-38d63837ce1f8c032916d7a811b976a49f07e240392349c68189d860a84fc09c.css?body=1" for ::1 at 2015-06-10 15:40:53 -0400


Started GET "/assets/jquery.self-d03a5518f45df77341bdbe6201ba3bfa547ebba8ed64f0ea56bfa5f96ea7c074.js?body=1" for ::1 at 2015-06-10 15:40:53 -0400


Started GET "/assets/bootstrap/affix.self-d2b642d8fbfc1d7041e2edefd66683ada567a980789dcd6f94fddda0b33408b5.js?body=1" for ::1 at 2015-06-10 15:40:53 -0400


Started GET "/assets/bootstrap/button.self-a6cb16785434acb365ae426aef9f1fce05ed553cae7a965e4471c3da71509175.js?body=1" for ::1 at 2015-06-10 15:40:53 -0400


Started GET "/assets/jquery_ujs.self-8e98a7a072a6cee1372d19fff9ff3e6aa1e39a37d89d6f06861637d061113ee7.js?body=1" for ::1 at 2015-06-10 15:40:53 -0400


Started GET "/assets/bootstrap/alert.self-a29e91e8cd3ddaba9bbc466901d53ec2127e9256b9b941905d525a3a716bd1a5.js?body=1" for ::1 at 2015-06-10 15:40:53 -0400


Started GET "/assets/bootstrap/carousel.self-57eb8422043cf0a85b7a9dc6843916eb0a3e35b419c7798a5eb254b918997631.js?body=1" for ::1 at 2015-06-10 15:40:53 -0400


Started GET "/assets/bootstrap/collapse.self-7dc8bfbc2fbfabd2bad62c58ff8ffeaf8f20fb87c7ca6cd35f06d4dc19632587.js?body=1" for ::1 at 2015-06-10 15:40:53 -0400


Started GET "/assets/bootstrap/dropdown.self-9314126777c6be5443e37ea7f7967d7914d72b3e60449ba50edc967446373059.js?body=1" for ::1 at 2015-06-10 15:40:53 -0400


Started GET "/assets/bootstrap/tab.self-122235057fbd4c6c7da377d59dc58f47b44cb1088a2e38e6ee6ce9d8ac29a26a.js?body=1" for ::1 at 2015-06-10 15:40:53 -0400


Started GET "/assets/bootstrap/transition.self-09ff30b1e8a93d1f7728b9855f55d9c9d8d5734c8861e0d8139994e50944572a.js?body=1" for ::1 at 2015-06-10 15:40:53 -0400


Started GET "/assets/bootstrap/scrollspy.self-a155b9d4b2f978905f0326c0f6635e1134fe91c6bfbfcbad079fa24a9fef2b0e.js?body=1" for ::1 at 2015-06-10 15:40:53 -0400


Started GET "/assets/bootstrap/modal.self-72f95ffa1071297725a9ac91989693d56d1abf23f441a47455073b0da2857a5b.js?body=1" for ::1 at 2015-06-10 15:40:53 -0400


Started GET "/assets/bootstrap/tooltip.self-11cf547be953f25f511cec668f6690473fd97b2f65502e4032f4030999a3f0c3.js?body=1" for ::1 at 2015-06-10 15:40:53 -0400


Started GET "/assets/bootstrap/popover.self-77d8e3a2499c1104ef146396a68b82469ee2bdb365199b874694698d10405e9a.js?body=1" for ::1 at 2015-06-10 15:40:53 -0400


Started GET "/assets/bootstrap-sprockets.self-fbfa5ad7d9aa0afe439ec4ff3883acc4cb92b62cb67c40d674320c9aa1d4642d.js?body=1" for ::1 at 2015-06-10 15:40:53 -0400


Started GET "/assets/braintree.self-3e2b0372285b4ed36b84982e94fd68c4b76ce65a5eac68a2b98842211ba3b8c6.js?body=1" for ::1 at 2015-06-10 15:40:53 -0400


Started GET "/assets/accounts.self-877aef30ae1b040ab8a3aba4e3e309a11d7f2612f44dde450b5c157aa5f95c05.js?body=1" for ::1 at 2015-06-10 15:40:53 -0400


Started GET "/assets/availability.self-877aef30ae1b040ab8a3aba4e3e309a11d7f2612f44dde450b5c157aa5f95c05.js?body=1" for ::1 at 2015-06-10 15:40:53 -0400


Started GET "/assets/bookings.self-877aef30ae1b040ab8a3aba4e3e309a11d7f2612f44dde450b5c157aa5f95c05.js?body=1" for ::1 at 2015-06-10 15:40:53 -0400


Started GET "/assets/bootstrap.self-fdc98dee79ee88255e10cac6caa91338165cb76cf0d263744d8d90011fc2ef8f.js?body=1" for ::1 at 2015-06-10 15:40:53 -0400


Started GET "/assets/categories.self-877aef30ae1b040ab8a3aba4e3e309a11d7f2612f44dde450b5c157aa5f95c05.js?body=1" for ::1 at 2015-06-10 15:40:53 -0400


Started GET "/assets/dashboard.self-877aef30ae1b040ab8a3aba4e3e309a11d7f2612f44dde450b5c157aa5f95c05.js?body=1" for ::1 at 2015-06-10 15:40:53 -0400


Started GET "/assets/pages.self-877aef30ae1b040ab8a3aba4e3e309a11d7f2612f44dde450b5c157aa5f95c05.js?body=1" for ::1 at 2015-06-10 15:40:53 -0400


Started GET "/assets/photos.self-877aef30ae1b040ab8a3aba4e3e309a11d7f2612f44dde450b5c157aa5f95c05.js?body=1" for ::1 at 2015-06-10 15:40:53 -0400


Started GET "/assets/profiles.self-877aef30ae1b040ab8a3aba4e3e309a11d7f2612f44dde450b5c157aa5f95c05.js?body=1" for ::1 at 2015-06-10 15:40:53 -0400


Started GET "/assets/sign-up.self-682684b51e8c269db550a3197a7c4cbb3dcab456716537ef93bffc4d272ce7f5.js?body=1" for ::1 at 2015-06-10 15:40:53 -0400


Started GET "/assets/sign_up.self-877aef30ae1b040ab8a3aba4e3e309a11d7f2612f44dde450b5c157aa5f95c05.js?body=1" for ::1 at 2015-06-10 15:40:53 -0400


Started GET "/assets/skills.self-877aef30ae1b040ab8a3aba4e3e309a11d7f2612f44dde450b5c157aa5f95c05.js?body=1" for ::1 at 2015-06-10 15:40:53 -0400


Started GET "/assets/transactions.self-877aef30ae1b040ab8a3aba4e3e309a11d7f2612f44dde450b5c157aa5f95c05.js?body=1" for ::1 at 2015-06-10 15:40:53 -0400


Started GET "/assets/verifications.self-877aef30ae1b040ab8a3aba4e3e309a11d7f2612f44dde450b5c157aa5f95c05.js?body=1" for ::1 at 2015-06-10 15:40:53 -0400


Started GET "/assets/application.self-f8806224e027f3e3f0138ea9ce99319e298dfdb323304d1f1be6eae8e8c74724.js?body=1" for ::1 at 2015-06-10 15:40:53 -0400


Started GET "/assets/logo@2x-3c2a98327372061a2be2794a15a247a5aa82afac6fd15e478420599af909508b.png" for ::1 at 2015-06-10 15:40:53 -0400


Started GET "/assets/icons/icon-chat-760244f3dda96f231f498429b8a4bacf406c26cfa033b97bcb852779bf45b3e5.svg" for ::1 at 2015-06-10 15:40:53 -0400


Started GET "/assets/avatar/avatar-a50b2c845338a3e418f7c274188c3732e099561c287a11465588db6a32af13e8.png" for ::1 at 2015-06-10 15:40:53 -0400


Started GET "/payment/index?amount=999&btn_text=Confirm&class=btn+btn-primary&mentor_first_name=Palpatine&mentor_last_name=Cosinga&transaction_id=1" for ::1 at 2015-06-10 15:43:23 -0400
Processing by AccountsController#index as HTML
  Parameters: {"amount"=>"999", "btn_text"=>"Confirm", "class"=>"btn btn-primary", "mentor_first_name"=>"Palpatine", "mentor_last_name"=>"Cosinga", "transaction_id"=>"1"}
  [1m[35mUser Load (0.2ms)[0m  SELECT  "users".* FROM "users" WHERE "users"."id" = ?  ORDER BY "users"."id" ASC LIMIT 1  [["id", 1]]
  [1m[36mProfile Load (0.1ms)[0m  [1mSELECT  "profiles".* FROM "profiles" WHERE "profiles"."user_id" = ? LIMIT 1[0m  [["user_id", 1]]
  [1m[35mSkill Exists (0.1ms)[0m  SELECT  1 AS one FROM "skills" WHERE "skills"."profile_id" = ? LIMIT 1  [["profile_id", 1]]
  [1m[36mUser Load (0.2ms)[0m  [1mSELECT "users".* FROM "users" WHERE (users.merchant_account_id IS NOT NULL)[0m
  Rendered accounts/index.html.erb within layouts/application (0.9ms)
  Rendered _shared/global_partials/_header_nav.erb (4.3ms)
Completed 200 OK in 1380ms (Views: 121.4ms | ActiveRecord: 0.5ms)


Started GET "/assets/icons/icon-nav-arrow.png" for ::1 at 2015-06-10 15:45:47 -0400
